optseq2
$Id: optseq2.c,v 2.14 2008/03/10 13:35:23 nicks Exp $
NoSearch  = 0
nSearch  = 10000
nKeep    = 4
PctUpdate  = 10.000000
nCB1Opt  = 0
seed     = 699639
Ntp  = 45
TR   = 1.8
TPreScan   = 0
PSD Window   = 1.8 16.2 1.8
nEvTypes = 5
EvNo    Label Duration nRepsNom
 1   strongGo  1.800    8
 2 strongNoGo  1.800    8
 3     weakGo  1.800    8
 4   weakNoGo  1.800    8
 5      catch  1.800    4
PctVarEvReps = 0
VarEvRepsPerCond = 0
PolyOrder = -1
tNullMax = -1
tNullMin = 0
AR1 = 0
No refractory penalty
Cost = eff
OutStem = no_go_catch_run2
Summary File = no_go_catch_run2.sum

Pct nSrch MinSrch Cost Eff Cb1Err VRFAvg VRFStd VRFMin VRFMax VRFRange nSince

BeginUpdateLog
 0       1     0.0   0.0235357  0.0235357  0.4850  0.300817  0.231734  0.0866055  0.762681  0.676075 1017.2 0
 0       5     0.0   0.0520805  0.0520805  0.4275  0.452323  0.144729  0.276998  0.705436  0.428439 938.156 0
 0       5     0.0   0.0734543  0.0734543  0.5200  0.634033  0.194292  0.40619  0.954173  0.547983 994.601 0
 0       6     0.0   0.0734543  0.0734543  0.5200  0.634033  0.194292  0.40619  0.954173  0.547983 994.601 0
 0       6     0.0   0.0734543  0.0734543  0.5200  0.634033  0.194292  0.40619  0.954173  0.547983 994.601 0
 0       7     0.0   0.0734543  0.0734543  0.5200  0.634033  0.194292  0.40619  0.954173  0.547983 994.601 0
 0       7     0.0   0.0991881  0.0991881  0.4750  0.822147  0.149111  0.569852  0.968808  0.398956 916.8 0
 0      12     0.0   0.0991881  0.0991881  0.4750  0.822147  0.149111  0.569852  0.968808  0.398956 916.8 4
 0      12     0.0   0.0991881  0.0991881  0.4750  0.822147  0.149111  0.569852  0.968808  0.398956 916.8 0
 0      15     0.0   0.0991881  0.0991881  0.4750  0.822147  0.149111  0.569852  0.968808  0.398956 916.8 2
 0      15     0.0   0.0991881  0.0991881  0.4750  0.822147  0.149111  0.569852  0.968808  0.398956 916.8 0
 0      18     0.0   0.0991881  0.0991881  0.4750  0.822147  0.149111  0.569852  0.968808  0.398956 916.8 1
 0      18     0.0   0.0991881  0.0991881  0.4750  0.822147  0.149111  0.569852  0.968808  0.398956 916.8 0
 0      20     0.0   0.0991881  0.0991881  0.4750  0.822147  0.149111  0.569852  0.968808  0.398956 916.8 1
 0      20     0.0   0.0991881  0.0991881  0.4750  0.822147  0.149111  0.569852  0.968808  0.398956 916.8 0
 0      27     0.0   0.0991881  0.0991881  0.4750  0.822147  0.149111  0.569852  0.968808  0.398956 916.8 5
 0      27     0.0   0.104816  0.104816  0.3825  0.872124  0.168862  0.560737  1.04492  0.48418 961.222 0
 0      38     0.0   0.104816  0.104816  0.3825  0.872124  0.168862  0.560737  1.04492  0.48418 961.222 7
 0      38     0.0   0.104816  0.104816  0.3825  0.872124  0.168862  0.560737  1.04492  0.48418 961.222 0
 0      44     0.0   0.104816  0.104816  0.3825  0.872124  0.168862  0.560737  1.04492  0.48418 961.222 5
 0      44     0.0   0.104816  0.104816  0.3825  0.872124  0.168862  0.560737  1.04492  0.48418 961.222 0
 1     121     0.0   0.104816  0.104816  0.3825  0.872124  0.168862  0.560737  1.04492  0.48418 961.222 55
 1     121     0.0   0.112899  0.112899  0.5650  0.946546  0.205482  0.657381  1.20474  0.547363 911.044 0
 1     123     0.0   0.112899  0.112899  0.5650  0.946546  0.205482  0.657381  1.20474  0.547363 911.044 1
 1     123     0.0   0.112899  0.112899  0.5650  0.946546  0.205482  0.657381  1.20474  0.547363 911.044 0
 1     146     0.0   0.112899  0.112899  0.5650  0.946546  0.205482  0.657381  1.20474  0.547363 911.044 16
 1     146     0.0   0.139703  0.139703  0.5875  1.21188  0.339465  0.640657  1.81189  1.17123 956.311 0
 1     148     0.0   0.139703  0.139703  0.5875  1.21188  0.339465  0.640657  1.81189  1.17123 956.311 0
 1     148     0.0   0.139703  0.139703  0.5875  1.21188  0.339465  0.640657  1.81189  1.17123 956.311 0
 1     166     0.0   0.139703  0.139703  0.5875  1.21188  0.339465  0.640657  1.81189  1.17123 956.311 13
 1     166     0.0   0.139703  0.139703  0.5875  1.21188  0.339465  0.640657  1.81189  1.17123 956.311 0
 1     191     0.0   0.139703  0.139703  0.5875  1.21188  0.339465  0.640657  1.81189  1.17123 956.311 20
 1     191     0.0   0.139703  0.139703  0.5875  1.21188  0.339465  0.640657  1.81189  1.17123 956.311 0
 2     232     0.0   0.139703  0.139703  0.5875  1.21188  0.339465  0.640657  1.81189  1.17123 956.311 33
 2     232     0.0   0.139703  0.139703  0.5875  1.21188  0.339465  0.640657  1.81189  1.17123 956.311 0
 2     294     0.0   0.139703  0.139703  0.5875  1.21188  0.339465  0.640657  1.81189  1.17123 956.311 51
 2     294     0.0   0.139703  0.139703  0.5875  1.21188  0.339465  0.640657  1.81189  1.17123 956.311 0
 4     411     0.0   0.139703  0.139703  0.5875  1.21188  0.339465  0.640657  1.81189  1.17123 956.311 106
 4     411     0.0   0.139703  0.139703  0.5875  1.21188  0.339465  0.640657  1.81189  1.17123 956.311 0
 8     861     0.0   0.139703  0.139703  0.5875  1.21188  0.339465  0.640657  1.81189  1.17123 956.311 375
 8     861     0.0   0.144054  0.144054  0.6675  1.29122  0.477598  0.714827  2.01651  1.30169 1012.65 0
11    1100     0.0   0.144054  0.144054  0.6675  1.29122  0.477598  0.714827  2.01651  1.30169 1012.65 211
12    1296     0.0   0.144054  0.144054  0.6675  1.29122  0.477598  0.714827  2.01651  1.30169 1012.65 377
12    1296     0.0   0.144054  0.144054  0.6675  1.29122  0.477598  0.714827  2.01651  1.30169 1012.65 0
17    1736     0.0   0.144054  0.144054  0.6675  1.29122  0.477598  0.714827  2.01651  1.30169 1012.65 381
17    1736     0.0   0.144054  0.144054  0.6675  1.29122  0.477598  0.714827  2.01651  1.30169 1012.65 0
19    1910     0.0   0.144054  0.144054  0.6675  1.29122  0.477598  0.714827  2.01651  1.30169 1012.65 149
19    1910     0.0   0.158719  0.158719  0.6450  1.31638  0.253957  0.891088  1.67221  0.781122 1009.18 0
22    2200     0.0   0.158719  0.158719  0.6450  1.31638  0.253957  0.891088  1.67221  0.781122 1009.18 249
30    3063     0.1   0.158719  0.158719  0.6450  1.31638  0.253957  0.891088  1.67221  0.781122 1009.18 972
30    3063     0.1   0.158719  0.158719  0.6450  1.31638  0.253957  0.891088  1.67221  0.781122 1009.18 0
33    3301     0.1   0.158719  0.158719  0.6450  1.31638  0.253957  0.891088  1.67221  0.781122 1009.18 185
33    3359     0.1   0.158719  0.158719  0.6450  1.31638  0.253957  0.891088  1.67221  0.781122 1009.18 231
33    3359     0.1   0.161446  0.161446  0.4750  1.30808  0.15901  1.10925  1.57151  0.462251 987.536 0
44    4400     0.1   0.161446  0.161446  0.4750  1.30808  0.15901  1.10925  1.57151  0.462251 987.536 885
47    4757     0.1   0.161446  0.161446  0.4750  1.30808  0.15901  1.10925  1.57151  0.462251 987.536 1176
47    4757     0.1   0.161446  0.161446  0.4750  1.30808  0.15901  1.10925  1.57151  0.462251 987.536 0
55    5501     0.1   0.161446  0.161446  0.4750  1.30808  0.15901  1.10925  1.57151  0.462251 987.536 641
65    6596     0.1   0.161446  0.161446  0.4750  1.30808  0.15901  1.10925  1.57151  0.462251 987.536 1560
65    6596     0.1   0.161446  0.161446  0.4750  1.30808  0.15901  1.10925  1.57151  0.462251 987.536 0
66    6600     0.1   0.161446  0.161446  0.4750  1.30808  0.15901  1.10925  1.57151  0.462251 987.536 4
74    7426     0.1   0.161446  0.161446  0.4750  1.30808  0.15901  1.10925  1.57151  0.462251 987.536 705
74    7426     0.1   0.163857  0.163857  0.5200  1.36266  0.27235  0.972445  1.73729  0.764846 965.845 0
77    7700     0.1   0.163857  0.163857  0.5200  1.36266  0.27235  0.972445  1.73729  0.764846 965.845 227
88    8800     0.1   0.163857  0.163857  0.5200  1.36266  0.27235  0.972445  1.73729  0.764846 965.845 1146
91    9189     0.1   0.163857  0.163857  0.5200  1.36266  0.27235  0.972445  1.73729  0.764846 965.845 1466
91    9189     0.1   0.163857  0.163857  0.5200  1.36266  0.27235  0.972445  1.73729  0.764846 965.845 0
99    9901     0.1   0.163857  0.163857  0.5200  1.36266  0.27235  0.972445  1.73729  0.764846 965.845 616
100   10000     0.1   0.163857  0.163857  0.5200  1.36266  0.27235  0.972445  1.73729  0.764846 965.845 702
EndUpdateLog

Done
