optseq2
$Id: optseq2.c,v 2.14 2008/03/10 13:35:23 nicks Exp $
NoSearch  = 0
nSearch  = 10000
nKeep    = 4
PctUpdate  = 10.000000
nCB1Opt  = 0
seed     = 83156
Ntp  = 45
TR   = 1.8
TPreScan   = 0
PSD Window   = 1.8 16.2 1.8
nEvTypes = 5
EvNo    Label Duration nRepsNom
 1   strongGo  1.800    8
 2 strongNoGo  1.800    8
 3     weakGo  1.800    8
 4   weakNoGo  1.800    8
 5      catch  1.800    4
PctVarEvReps = 0
VarEvRepsPerCond = 0
PolyOrder = -1
tNullMax = -1
tNullMin = 0
AR1 = 0
No refractory penalty
Cost = eff
OutStem = no_go_catch_run1
Summary File = no_go_catch_run1.sum

Pct nSrch MinSrch Cost Eff Cb1Err VRFAvg VRFStd VRFMin VRFMax VRFRange nSince

BeginUpdateLog
 0       1     0.0   0.0754143  0.0754143  0.4975  0.643567  0.158528  0.374825  0.83447  0.459645 1096.45 0
 0       6     0.0   0.0903269  0.0903269  0.4525  0.773869  0.207497  0.455689  1.12073  0.665042 984.021 0
 0       6     0.0   0.0903269  0.0903269  0.4525  0.773869  0.207497  0.455689  1.12073  0.665042 984.021 0
 0       7     0.0   0.0903269  0.0903269  0.4525  0.773869  0.207497  0.455689  1.12073  0.665042 984.021 0
 0       7     0.0   0.0903269  0.0903269  0.4525  0.773869  0.207497  0.455689  1.12073  0.665042 984.021 0
 0       8     0.0   0.0903269  0.0903269  0.4525  0.773869  0.207497  0.455689  1.12073  0.665042 984.021 0
 0       8     0.0   0.0903269  0.0903269  0.4525  0.773869  0.207497  0.455689  1.12073  0.665042 984.021 0
 0       9     0.0   0.0903269  0.0903269  0.4525  0.773869  0.207497  0.455689  1.12073  0.665042 984.021 0
 0       9     0.0   0.0903269  0.0903269  0.4525  0.773869  0.207497  0.455689  1.12073  0.665042 984.021 0
 0      17     0.0   0.0903269  0.0903269  0.4525  0.773869  0.207497  0.455689  1.12073  0.665042 984.021 3
 0      17     0.0   0.0903269  0.0903269  0.4525  0.773869  0.207497  0.455689  1.12073  0.665042 984.021 0
 0      40     0.0   0.0903269  0.0903269  0.4525  0.773869  0.207497  0.455689  1.12073  0.665042 984.021 20
 0      40     0.0   0.100876  0.100876  0.7500  0.812862  0.0754956  0.71724  0.944323  0.227083 1007.74 0
 0      71     0.0   0.100876  0.100876  0.7500  0.812862  0.0754956  0.71724  0.944323  0.227083 1007.74 22
 0      71     0.0   0.123746  0.123746  0.4975  1.07889  0.28339  0.52807  1.41749  0.889415 990.957 0
 0      77     0.0   0.123746  0.123746  0.4975  1.07889  0.28339  0.52807  1.41749  0.889415 990.957 3
 0      77     0.0   0.123746  0.123746  0.4975  1.07889  0.28339  0.52807  1.41749  0.889415 990.957 0
 0      90     0.0   0.123746  0.123746  0.4975  1.07889  0.28339  0.52807  1.41749  0.889415 990.957 11
 0      90     0.0   0.123746  0.123746  0.4975  1.07889  0.28339  0.52807  1.41749  0.889415 990.957 0
 1     114     0.0   0.123746  0.123746  0.4975  1.07889  0.28339  0.52807  1.41749  0.889415 990.957 19
 1     114     0.0   0.123746  0.123746  0.4975  1.07889  0.28339  0.52807  1.41749  0.889415 990.957 0
 1     141     0.0   0.123746  0.123746  0.4975  1.07889  0.28339  0.52807  1.41749  0.889415 990.957 23
 1     141     0.0   0.123746  0.123746  0.4975  1.07889  0.28339  0.52807  1.41749  0.889415 990.957 0
 1     193     0.0   0.123746  0.123746  0.4975  1.07889  0.28339  0.52807  1.41749  0.889415 990.957 36
 1     193     0.0   0.141483  0.141483  0.7250  1.20584  0.308274  0.729366  1.6966  0.967231 1040.51 0
 2     275     0.0   0.141483  0.141483  0.7250  1.20584  0.308274  0.729366  1.6966  0.967231 1040.51 69
 2     275     0.0   0.141483  0.141483  0.7250  1.20584  0.308274  0.729366  1.6966  0.967231 1040.51 0
 3     366     0.0   0.141483  0.141483  0.7250  1.20584  0.308274  0.729366  1.6966  0.967231 1040.51 76
 3     366     0.0   0.141483  0.141483  0.7250  1.20584  0.308274  0.729366  1.6966  0.967231 1040.51 0
 3     375     0.0   0.141483  0.141483  0.7250  1.20584  0.308274  0.729366  1.6966  0.967231 1040.51 7
 3     375     0.0   0.141483  0.141483  0.7250  1.20584  0.308274  0.729366  1.6966  0.967231 1040.51 0
 4     490     0.0   0.141483  0.141483  0.7250  1.20584  0.308274  0.729366  1.6966  0.967231 1040.51 96
 4     490     0.0   0.141483  0.141483  0.7250  1.20584  0.308274  0.729366  1.6966  0.967231 1040.51 0
 4     494     0.0   0.141483  0.141483  0.7250  1.20584  0.308274  0.729366  1.6966  0.967231 1040.51 3
 4     494     0.0   0.141483  0.141483  0.7250  1.20584  0.308274  0.729366  1.6966  0.967231 1040.51 0
 8     848     0.0   0.141483  0.141483  0.7250  1.20584  0.308274  0.729366  1.6966  0.967231 1040.51 296
 8     848     0.0   0.141483  0.141483  0.7250  1.20584  0.308274  0.729366  1.6966  0.967231 1040.51 0
11    1102     0.0   0.141483  0.141483  0.7250  1.20584  0.308274  0.729366  1.6966  0.967231 1040.51 206
12    1237     0.0   0.141483  0.141483  0.7250  1.20584  0.308274  0.729366  1.6966  0.967231 1040.51 317
12    1237     0.0   0.150313  0.150313  0.3950  1.25604  0.280093  0.900056  1.65833  0.758272 894.956 0
14    1465     0.0   0.150313  0.150313  0.3950  1.25604  0.280093  0.900056  1.65833  0.758272 894.956 187
14    1465     0.0   0.150313  0.150313  0.3950  1.25604  0.280093  0.900056  1.65833  0.758272 894.956 0
17    1739     0.0   0.150313  0.150313  0.3950  1.25604  0.280093  0.900056  1.65833  0.758272 894.956 236
17    1739     0.0   0.158917  0.158917  0.5650  1.35703  0.365656  0.812854  2.00716  1.19431 1038.64 0
22    2200     0.0   0.158917  0.158917  0.5650  1.35703  0.365656  0.812854  2.00716  1.19431 1038.64 399
33    3303     0.0   0.158917  0.158917  0.5650  1.35703  0.365656  0.812854  2.00716  1.19431 1038.64 1338
34    3407     0.0   0.158917  0.158917  0.5650  1.35703  0.365656  0.812854  2.00716  1.19431 1038.64 1433
34    3407     0.0   0.158917  0.158917  0.5650  1.35703  0.365656  0.812854  2.00716  1.19431 1038.64 0
44    4400     0.1   0.158917  0.158917  0.5650  1.35703  0.365656  0.812854  2.00716  1.19431 1038.64 831
55    5500     0.1   0.158917  0.158917  0.5650  1.35703  0.365656  0.812854  2.00716  1.19431 1038.64 1778
66    6601     0.1   0.158917  0.158917  0.5650  1.35703  0.365656  0.812854  2.00716  1.19431 1038.64 2692
67    6770     0.1   0.158917  0.158917  0.5650  1.35703  0.365656  0.812854  2.00716  1.19431 1038.64 2829
67    6770     0.1   0.158917  0.158917  0.5650  1.35703  0.365656  0.812854  2.00716  1.19431 1038.64 0
67    6774     0.1   0.158917  0.158917  0.5650  1.35703  0.365656  0.812854  2.00716  1.19431 1038.64 2
67    6774     0.1   0.165303  0.165303  0.4850  1.3608  0.247376  1.0226  1.74274  0.720138 912.245 0
71    7134     0.1   0.165303  0.165303  0.4850  1.3608  0.247376  1.0226  1.74274  0.720138 912.245 304
71    7134     0.1   0.165303  0.165303  0.4850  1.3608  0.247376  1.0226  1.74274  0.720138 912.245 0
77    7700     0.1   0.165303  0.165303  0.4850  1.3608  0.247376  1.0226  1.74274  0.720138 912.245 482
88    8800     0.1   0.165303  0.165303  0.4850  1.3608  0.247376  1.0226  1.74274  0.720138 912.245 1395
99    9901     0.1   0.165303  0.165303  0.4850  1.3608  0.247376  1.0226  1.74274  0.720138 912.245 2301
100   10000     0.1   0.165303  0.165303  0.4850  1.3608  0.247376  1.0226  1.74274  0.720138 912.245 2376
EndUpdateLog

Done
