optseq2
$Id: optseq2.c,v 2.14 2008/03/10 13:35:23 nicks Exp $
NoSearch  = 0
nSearch  = 10000
nKeep    = 3
PctUpdate  = 10.000000
nCB1Opt  = 0
seed     = 499140
Ntp  = 55
TR   = 1.8
TPreScan   = 0
PSD Window   = 0 18 1.8
nEvTypes = 5
EvNo    Label Duration nRepsNom
 1   strongGo  1.800   10
 2 strongNoGo  1.800   10
 3     weakGo  1.800   10
 4   weakNoGo  1.800   10
 5      catch  1.800    5
PctVarEvReps = 0
VarEvRepsPerCond = 0
PolyOrder = -1
tNullMax = -1
tNullMin = 0
AR1 = 0
No refractory penalty
Cost = eff
OutStem = no_go_catch_run1
Summary File = no_go_catch_run1.sum

Pct nSrch MinSrch Cost Eff Cb1Err VRFAvg VRFStd VRFMin VRFMax VRFRange nSince

BeginUpdateLog
 0       1     0.0   0.026342  0.026342  0.3760  0.43309  0.306052  0.106842  0.995089  0.888247 1616.73 0
 0       4     0.0   0.0460123  0.0460123  0.4500  0.568343  0.271137  0.204769  1.14707  0.942297 1856.28 0
 0       4     0.0   0.0460123  0.0460123  0.4500  0.568343  0.271137  0.204769  1.14707  0.942297 1856.28 0
 0       5     0.0   0.0460123  0.0460123  0.4500  0.568343  0.271137  0.204769  1.14707  0.942297 1856.28 0
 0       5     0.0   0.052241  0.052241  0.5040  0.56706  0.166342  0.296468  0.891814  0.595347 1843 0
 0       7     0.0   0.052241  0.052241  0.5040  0.56706  0.166342  0.296468  0.891814  0.595347 1843 1
 0       7     0.0   0.052241  0.052241  0.5040  0.56706  0.166342  0.296468  0.891814  0.595347 1843 0
 0       8     0.0   0.052241  0.052241  0.5040  0.56706  0.166342  0.296468  0.891814  0.595347 1843 0
 0       8     0.0   0.069437  0.069437  0.5500  0.768788  0.288467  0.435215  1.33784  0.902626 1658.1 0
 0      27     0.0   0.069437  0.069437  0.5500  0.768788  0.288467  0.435215  1.33784  0.902626 1658.1 14
 0      27     0.0   0.069437  0.069437  0.5500  0.768788  0.288467  0.435215  1.33784  0.902626 1658.1 0
 0      44     0.0   0.069437  0.069437  0.5500  0.768788  0.288467  0.435215  1.33784  0.902626 1658.1 9
 0      44     0.0   0.069437  0.069437  0.5500  0.768788  0.288467  0.435215  1.33784  0.902626 1658.1 0
 0      64     0.0   0.069437  0.069437  0.5500  0.768788  0.288467  0.435215  1.33784  0.902626 1658.1 18
 0      64     0.0   0.0765123  0.0765123  0.5960  0.857566  0.304527  0.454606  1.43056  0.975951 1723.09 0
 0      65     0.0   0.0765123  0.0765123  0.5960  0.857566  0.304527  0.454606  1.43056  0.975951 1723.09 0
 0      65     0.0   0.0798003  0.0798003  0.5140  0.922735  0.375648  0.460753  1.7313  1.27054 1840.82 0
 0      89     0.0   0.0798003  0.0798003  0.5140  0.922735  0.375648  0.460753  1.7313  1.27054 1840.82 21
 0      89     0.0   0.0861572  0.0861572  0.4680  0.982065  0.373884  0.521426  1.68118  1.15975 1769.82 0
 2     212     0.0   0.0861572  0.0861572  0.4680  0.982065  0.373884  0.521426  1.68118  1.15975 1769.82 97
 2     212     0.0   0.0861572  0.0861572  0.4680  0.982065  0.373884  0.521426  1.68118  1.15975 1769.82 0
 2     299     0.0   0.0861572  0.0861572  0.4680  0.982065  0.373884  0.521426  1.68118  1.15975 1769.82 71
 2     299     0.0   0.0861572  0.0861572  0.4680  0.982065  0.373884  0.521426  1.68118  1.15975 1769.82 0
 2     300     0.0   0.0861572  0.0861572  0.4680  0.982065  0.373884  0.521426  1.68118  1.15975 1769.82 0
 2     300     0.0   0.0961185  0.0961185  0.4220  1.00574  0.223369  0.634599  1.46076  0.82616 1638.18 0
 5     567     0.0   0.0961185  0.0961185  0.4220  1.00574  0.223369  0.634599  1.46076  0.82616 1638.18 227
 5     567     0.0   0.0961185  0.0961185  0.4220  1.00574  0.223369  0.634599  1.46076  0.82616 1638.18 0
 6     609     0.0   0.0961185  0.0961185  0.4220  1.00574  0.223369  0.634599  1.46076  0.82616 1638.18 33
 6     609     0.0   0.0961185  0.0961185  0.4220  1.00574  0.223369  0.634599  1.46076  0.82616 1638.18 0
 8     845     0.0   0.0961185  0.0961185  0.4220  1.00574  0.223369  0.634599  1.46076  0.82616 1638.18 200
 8     845     0.0   0.118862  0.118862  0.4140  1.24015  0.267079  0.818494  1.72527  0.906776 1522.18 0
 8     889     0.0   0.118862  0.118862  0.4140  1.24015  0.267079  0.818494  1.72527  0.906776 1522.18 37
 8     889     0.0   0.118862  0.118862  0.4140  1.24015  0.267079  0.818494  1.72527  0.906776 1522.18 0
 9     901     0.0   0.118862  0.118862  0.4140  1.24015  0.267079  0.818494  1.72527  0.906776 1522.18 11
 9     901     0.0   0.118862  0.118862  0.4140  1.24015  0.267079  0.818494  1.72527  0.906776 1522.18 0
10    1087     0.0   0.118862  0.118862  0.4140  1.24015  0.267079  0.818494  1.72527  0.906776 1522.18 157
10    1087     0.0   0.118862  0.118862  0.4140  1.24015  0.267079  0.818494  1.72527  0.906776 1522.18 0
11    1100     0.0   0.118862  0.118862  0.4140  1.24015  0.267079  0.818494  1.72527  0.906776 1522.18 13
13    1311     0.0   0.118862  0.118862  0.4140  1.24015  0.267079  0.818494  1.72527  0.906776 1522.18 194
13    1311     0.0   0.118862  0.118862  0.4140  1.24015  0.267079  0.818494  1.72527  0.906776 1522.18 0
15    1570     0.0   0.118862  0.118862  0.4140  1.24015  0.267079  0.818494  1.72527  0.906776 1522.18 222
15    1570     0.0   0.118862  0.118862  0.4140  1.24015  0.267079  0.818494  1.72527  0.906776 1522.18 0
21    2143     0.0   0.118862  0.118862  0.4140  1.24015  0.267079  0.818494  1.72527  0.906776 1522.18 485
21    2143     0.0   0.118862  0.118862  0.4140  1.24015  0.267079  0.818494  1.72527  0.906776 1522.18 0
22    2200     0.0   0.118862  0.118862  0.4140  1.24015  0.267079  0.818494  1.72527  0.906776 1522.18 52
23    2325     0.0   0.118862  0.118862  0.4140  1.24015  0.267079  0.818494  1.72527  0.906776 1522.18 164
23    2325     0.0   0.118862  0.118862  0.4140  1.24015  0.267079  0.818494  1.72527  0.906776 1522.18 0
26    2676     0.0   0.118862  0.118862  0.4140  1.24015  0.267079  0.818494  1.72527  0.906776 1522.18 306
26    2676     0.0   0.118862  0.118862  0.4140  1.24015  0.267079  0.818494  1.72527  0.906776 1522.18 0
33    3300     0.0   0.118862  0.118862  0.4140  1.24015  0.267079  0.818494  1.72527  0.906776 1522.18 537
44    4400     0.1   0.118862  0.118862  0.4140  1.24015  0.267079  0.818494  1.72527  0.906776 1522.18 1471
51    5105     0.1   0.118862  0.118862  0.4140  1.24015  0.267079  0.818494  1.72527  0.906776 1522.18 2077
51    5105     0.1   0.12274  0.12274  0.5500  1.25016  0.177106  0.984435  1.50412  0.519689 1965.64 0
55    5500     0.1   0.12274  0.12274  0.5500  1.25016  0.177106  0.984435  1.50412  0.519689 1965.64 338
65    6574     0.1   0.12274  0.12274  0.5500  1.25016  0.177106  0.984435  1.50412  0.519689 1965.64 1252
65    6574     0.1   0.137841  0.137841  0.4400  1.40737  0.20981  1.06829  1.73142  0.663133 1559.99 0
66    6603     0.1   0.137841  0.137841  0.4400  1.40737  0.20981  1.06829  1.73142  0.663133 1559.99 25
76    7633     0.1   0.137841  0.137841  0.4400  1.40737  0.20981  1.06829  1.73142  0.663133 1559.99 918
76    7633     0.1   0.137841  0.137841  0.4400  1.40737  0.20981  1.06829  1.73142  0.663133 1559.99 0
77    7700     0.1   0.137841  0.137841  0.4400  1.40737  0.20981  1.06829  1.73142  0.663133 1559.99 56
88    8800     0.1   0.137841  0.137841  0.4400  1.40737  0.20981  1.06829  1.73142  0.663133 1559.99 1008
91    9170     0.1   0.137841  0.137841  0.4400  1.40737  0.20981  1.06829  1.73142  0.663133 1559.99 1321
91    9170     0.1   0.137841  0.137841  0.4400  1.40737  0.20981  1.06829  1.73142  0.663133 1559.99 0
99    9900     0.1   0.137841  0.137841  0.4400  1.40737  0.20981  1.06829  1.73142  0.663133 1559.99 611
99   10000     0.1   0.137841  0.137841  0.4400  1.40737  0.20981  1.06829  1.73142  0.663133 1559.99 697
EndUpdateLog

Done
