optseq2
$Id: optseq2.c,v 2.14 2008/03/10 13:35:23 nicks Exp $
NoSearch  = 0
nSearch  = 10000
nKeep    = 4
PctUpdate  = 10.000000
nCB1Opt  = 0
seed     = 717164
Ntp  = 46
TR   = 2
TPreScan   = 0
PSD Window   = 2 18 2
nEvTypes = 5
EvNo    Label Duration nRepsNom
 1   strongGo  2.000    8
 2 strongNoGo  2.000    8
 3     weakGo  2.000    8
 4   weakNoGo  2.000    8
 5      catch  2.000    4
PctVarEvReps = 0
VarEvRepsPerCond = 0
PolyOrder = -1
tNullMax = -1
tNullMin = 0
AR1 = 0
No refractory penalty
Cost = eff
OutStem = no_go_catch_run4
Summary File = no_go_catch_run4.sum

Pct nSrch MinSrch Cost Eff Cb1Err VRFAvg VRFStd VRFMin VRFMax VRFRange nSince

BeginUpdateLog
 0       1     0.0   0.0491002  0.0491002  0.5325  0.605144  0.45364  0.22242  1.41453  1.19211 1026.91 0
 0       5     0.0   0.095475  0.095475  0.5775  0.804931  0.200195  0.573422  1.07238  0.498962 935.261 0
 0       5     0.0   0.095475  0.095475  0.5775  0.804931  0.200195  0.573422  1.07238  0.498962 935.261 0
 0       7     0.0   0.095475  0.095475  0.5775  0.804931  0.200195  0.573422  1.07238  0.498962 935.261 1
 0       7     0.0   0.095475  0.095475  0.5775  0.804931  0.200195  0.573422  1.07238  0.498962 935.261 0
 0      10     0.0   0.095475  0.095475  0.5775  0.804931  0.200195  0.573422  1.07238  0.498962 935.261 1
 0      10     0.0   0.095475  0.095475  0.5775  0.804931  0.200195  0.573422  1.07238  0.498962 935.261 0
 0      12     0.0   0.095475  0.095475  0.5775  0.804931  0.200195  0.573422  1.07238  0.498962 935.261 1
 0      12     0.0   0.095475  0.095475  0.5775  0.804931  0.200195  0.573422  1.07238  0.498962 935.261 0
 0      14     0.0   0.095475  0.095475  0.5775  0.804931  0.200195  0.573422  1.07238  0.498962 935.261 1
 0      14     0.0   0.102843  0.102843  0.6675  1.06405  0.503821  0.349438  1.82049  1.47105 917.781 0
 0      17     0.0   0.102843  0.102843  0.6675  1.06405  0.503821  0.349438  1.82049  1.47105 917.781 2
 0      17     0.0   0.102843  0.102843  0.6675  1.06405  0.503821  0.349438  1.82049  1.47105 917.781 0
 0      23     0.0   0.102843  0.102843  0.6675  1.06405  0.503821  0.349438  1.82049  1.47105 917.781 4
 0      23     0.0   0.176984  0.176984  0.4525  1.44655  0.223561  1.13915  1.74146  0.602312 912.523 0
 0      42     0.0   0.176984  0.176984  0.4525  1.44655  0.223561  1.13915  1.74146  0.602312 912.523 11
 0      42     0.0   0.176984  0.176984  0.4525  1.44655  0.223561  1.13915  1.74146  0.602312 912.523 0
 0      43     0.0   0.176984  0.176984  0.4525  1.44655  0.223561  1.13915  1.74146  0.602312 912.523 0
 0      43     0.0   0.176984  0.176984  0.4525  1.44655  0.223561  1.13915  1.74146  0.602312 912.523 0
 1     104     0.0   0.176984  0.176984  0.4525  1.44655  0.223561  1.13915  1.74146  0.602312 912.523 50
 1     104     0.0   0.176984  0.176984  0.4525  1.44655  0.223561  1.13915  1.74146  0.602312 912.523 0
 1     136     0.0   0.176984  0.176984  0.4525  1.44655  0.223561  1.13915  1.74146  0.602312 912.523 27
 1     136     0.0   0.176984  0.176984  0.4525  1.44655  0.223561  1.13915  1.74146  0.602312 912.523 0
 2     221     0.0   0.176984  0.176984  0.4525  1.44655  0.223561  1.13915  1.74146  0.602312 912.523 77
 2     221     0.0   0.176984  0.176984  0.4525  1.44655  0.223561  1.13915  1.74146  0.602312 912.523 0
 2     293     0.0   0.176984  0.176984  0.4525  1.44655  0.223561  1.13915  1.74146  0.602312 912.523 55
 2     293     0.0   0.176984  0.176984  0.4525  1.44655  0.223561  1.13915  1.74146  0.602312 912.523 0
 3     302     0.0   0.176984  0.176984  0.4525  1.44655  0.223561  1.13915  1.74146  0.602312 912.523 6
 3     302     0.0   0.176984  0.176984  0.4525  1.44655  0.223561  1.13915  1.74146  0.602312 912.523 0
 3     312     0.0   0.176984  0.176984  0.4525  1.44655  0.223561  1.13915  1.74146  0.602312 912.523 7
 3     312     0.0   0.176984  0.176984  0.4525  1.44655  0.223561  1.13915  1.74146  0.602312 912.523 0
 5     513     0.0   0.176984  0.176984  0.4525  1.44655  0.223561  1.13915  1.74146  0.602312 912.523 167
 5     513     0.0   0.176984  0.176984  0.4525  1.44655  0.223561  1.13915  1.74146  0.602312 912.523 0
 7     743     0.0   0.176984  0.176984  0.4525  1.44655  0.223561  1.13915  1.74146  0.602312 912.523 180
 7     743     0.0   0.176984  0.176984  0.4525  1.44655  0.223561  1.13915  1.74146  0.602312 912.523 0
 9     980     0.0   0.176984  0.176984  0.4525  1.44655  0.223561  1.13915  1.74146  0.602312 912.523 201
 9     980     0.0   0.176984  0.176984  0.4525  1.44655  0.223561  1.13915  1.74146  0.602312 912.523 0
 9     981     0.0   0.176984  0.176984  0.4525  1.44655  0.223561  1.13915  1.74146  0.602312 912.523 0
 9     981     0.0   0.182521  0.182521  0.5550  1.50499  0.281394  1.11997  1.8938  0.773833 933.694 0
10    1021     0.0   0.182521  0.182521  0.5550  1.50499  0.281394  1.11997  1.8938  0.773833 933.694 31
10    1021     0.0   0.182521  0.182521  0.5550  1.50499  0.281394  1.11997  1.8938  0.773833 933.694 0
11    1100     0.0   0.182521  0.182521  0.5550  1.50499  0.281394  1.11997  1.8938  0.773833 933.694 66
11    1183     0.0   0.182521  0.182521  0.5550  1.50499  0.281394  1.11997  1.8938  0.773833 933.694 138
11    1183     0.0   0.182521  0.182521  0.5550  1.50499  0.281394  1.11997  1.8938  0.773833 933.694 0
22    2200     0.0   0.182521  0.182521  0.5550  1.50499  0.281394  1.11997  1.8938  0.773833 933.694 844
33    3300     0.1   0.182521  0.182521  0.5550  1.50499  0.281394  1.11997  1.8938  0.773833 933.694 1753
44    4400     0.1   0.182521  0.182521  0.5550  1.50499  0.281394  1.11997  1.8938  0.773833 933.694 2644
53    5307     0.1   0.182521  0.182521  0.5550  1.50499  0.281394  1.11997  1.8938  0.773833 933.694 3400
53    5307     0.1   0.199248  0.199248  0.5425  1.62601  0.232365  1.22781  1.87047  0.642664 935.302 0
55    5500     0.1   0.199248  0.199248  0.5425  1.62601  0.232365  1.22781  1.87047  0.642664 935.302 153
66    6600     0.1   0.199248  0.199248  0.5425  1.62601  0.232365  1.22781  1.87047  0.642664 935.302 1080
76    7652     0.1   0.199248  0.199248  0.5425  1.62601  0.232365  1.22781  1.87047  0.642664 935.302 1964
76    7652     0.1   0.199248  0.199248  0.5425  1.62601  0.232365  1.22781  1.87047  0.642664 935.302 0
77    7700     0.1   0.199248  0.199248  0.5425  1.62601  0.232365  1.22781  1.87047  0.642664 935.302 39
88    8801     0.1   0.199248  0.199248  0.5425  1.62601  0.232365  1.22781  1.87047  0.642664 935.302 957
99    9900     0.1   0.199248  0.199248  0.5425  1.62601  0.232365  1.22781  1.87047  0.642664 935.302 1871
99   10000     0.1   0.199248  0.199248  0.5425  1.62601  0.232365  1.22781  1.87047  0.642664 935.302 1954
EndUpdateLog

Done
