optseq2
$Id: optseq2.c,v 2.14 2008/03/10 13:35:23 nicks Exp $
NoSearch  = 0
nSearch  = 10000
nKeep    = 4
PctUpdate  = 10.000000
nCB1Opt  = 0
seed     = 491949
Ntp  = 60
TR   = 2
TPreScan   = 0
PSD Window   = 2 18 2
nEvTypes = 5
EvNo    Label Duration nRepsNom
 1   strongGo  2.000    8
 2 strongNoGo  2.000    8
 3     weakGo  2.000    8
 4   weakNoGo  2.000    8
 5      catch  2.000    4
PctVarEvReps = 0
VarEvRepsPerCond = 0
PolyOrder = -1
tNullMax = -1
tNullMin = 0
AR1 = 0
No refractory penalty
Cost = eff
OutStem = no_go_catch_run5
Summary File = no_go_catch_run5.sum

Pct nSrch MinSrch Cost Eff Cb1Err VRFAvg VRFStd VRFMin VRFMax VRFRange nSince

BeginUpdateLog
 0       1     0.0   0.166248  0.166248  0.5225  1.36044  0.207691  0.987998  1.6535  0.665498 862.8 0
 0       8     0.0   0.225257  0.225257  0.5550  1.87045  0.346986  1.24893  2.2262  0.977266 851.734 0
 0       8     0.0   0.225257  0.225257  0.5550  1.87045  0.346986  1.24893  2.2262  0.977266 851.734 0
 0      13     0.0   0.225257  0.225257  0.5550  1.87045  0.346986  1.24893  2.2262  0.977266 851.734 1
 0      13     0.0   0.225257  0.225257  0.5550  1.87045  0.346986  1.24893  2.2262  0.977266 851.734 0
 0      14     0.0   0.225257  0.225257  0.5550  1.87045  0.346986  1.24893  2.2262  0.977266 851.734 0
 0      14     0.0   0.225257  0.225257  0.5550  1.87045  0.346986  1.24893  2.2262  0.977266 851.734 0
 0      17     0.0   0.225257  0.225257  0.5550  1.87045  0.346986  1.24893  2.2262  0.977266 851.734 2
 0      17     0.0   0.225257  0.225257  0.5550  1.87045  0.346986  1.24893  2.2262  0.977266 851.734 0
 0      22     0.0   0.225257  0.225257  0.5550  1.87045  0.346986  1.24893  2.2262  0.977266 851.734 3
 0      22     0.0   0.225257  0.225257  0.5550  1.87045  0.346986  1.24893  2.2262  0.977266 851.734 0
 0      27     0.0   0.225257  0.225257  0.5550  1.87045  0.346986  1.24893  2.2262  0.977266 851.734 4
 0      27     0.0   0.225257  0.225257  0.5550  1.87045  0.346986  1.24893  2.2262  0.977266 851.734 0
 0      34     0.0   0.225257  0.225257  0.5550  1.87045  0.346986  1.24893  2.2262  0.977266 851.734 4
 0      34     0.0   0.225257  0.225257  0.5550  1.87045  0.346986  1.24893  2.2262  0.977266 851.734 0
 0      57     0.0   0.225257  0.225257  0.5550  1.87045  0.346986  1.24893  2.2262  0.977266 851.734 15
 0      57     0.0   0.225257  0.225257  0.5550  1.87045  0.346986  1.24893  2.2262  0.977266 851.734 0
 0      74     0.0   0.225257  0.225257  0.5550  1.87045  0.346986  1.24893  2.2262  0.977266 851.734 9
 0      74     0.0   0.263778  0.263778  0.4975  2.27871  0.590895  1.36573  2.86896  1.50324 794.667 0
 0      93     0.0   0.263778  0.263778  0.4975  2.27871  0.590895  1.36573  2.86896  1.50324 794.667 12
 0      93     0.0   0.263778  0.263778  0.4975  2.27871  0.590895  1.36573  2.86896  1.50324 794.667 0
 1     178     0.0   0.263778  0.263778  0.4975  2.27871  0.590895  1.36573  2.86896  1.50324 794.667 59
 1     178     0.0   0.263778  0.263778  0.4975  2.27871  0.590895  1.36573  2.86896  1.50324 794.667 0
 2     257     0.0   0.263778  0.263778  0.4975  2.27871  0.590895  1.36573  2.86896  1.50324 794.667 56
 2     257     0.0   0.263778  0.263778  0.4975  2.27871  0.590895  1.36573  2.86896  1.50324 794.667 0
 2     259     0.0   0.263778  0.263778  0.4975  2.27871  0.590895  1.36573  2.86896  1.50324 794.667 1
 2     259     0.0   0.263778  0.263778  0.4975  2.27871  0.590895  1.36573  2.86896  1.50324 794.667 0
 3     308     0.0   0.263778  0.263778  0.4975  2.27871  0.590895  1.36573  2.86896  1.50324 794.667 31
 3     308     0.0   0.263778  0.263778  0.4975  2.27871  0.590895  1.36573  2.86896  1.50324 794.667 0
 3     318     0.0   0.263778  0.263778  0.4975  2.27871  0.590895  1.36573  2.86896  1.50324 794.667 4
 3     318     0.0   0.263778  0.263778  0.4975  2.27871  0.590895  1.36573  2.86896  1.50324 794.667 0
 4     411     0.0   0.263778  0.263778  0.4975  2.27871  0.590895  1.36573  2.86896  1.50324 794.667 62
 4     411     0.0   0.263778  0.263778  0.4975  2.27871  0.590895  1.36573  2.86896  1.50324 794.667 0
 5     524     0.0   0.263778  0.263778  0.4975  2.27871  0.590895  1.36573  2.86896  1.50324 794.667 84
 5     524     0.0   0.263778  0.263778  0.4975  2.27871  0.590895  1.36573  2.86896  1.50324 794.667 0
 5     570     0.0   0.263778  0.263778  0.4975  2.27871  0.590895  1.36573  2.86896  1.50324 794.667 27
 5     570     0.0   0.263778  0.263778  0.4975  2.27871  0.590895  1.36573  2.86896  1.50324 794.667 0
 6     623     0.0   0.263778  0.263778  0.4975  2.27871  0.590895  1.36573  2.86896  1.50324 794.667 37
 6     623     0.0   0.263778  0.263778  0.4975  2.27871  0.590895  1.36573  2.86896  1.50324 794.667 0
 7     762     0.0   0.263778  0.263778  0.4975  2.27871  0.590895  1.36573  2.86896  1.50324 794.667 94
 7     762     0.0   0.263778  0.263778  0.4975  2.27871  0.590895  1.36573  2.86896  1.50324 794.667 0
 7     773     0.0   0.263778  0.263778  0.4975  2.27871  0.590895  1.36573  2.86896  1.50324 794.667 7
 7     773     0.0   0.263778  0.263778  0.4975  2.27871  0.590895  1.36573  2.86896  1.50324 794.667 0
 8     866     0.0   0.263778  0.263778  0.4975  2.27871  0.590895  1.36573  2.86896  1.50324 794.667 68
 8     866     0.0   0.263778  0.263778  0.4975  2.27871  0.590895  1.36573  2.86896  1.50324 794.667 0
10    1071     0.0   0.263778  0.263778  0.4975  2.27871  0.590895  1.36573  2.86896  1.50324 794.667 129
10    1071     0.0   0.266399  0.266399  0.6225  2.13518  0.0973925  1.96673  2.24248  0.275758 911.333 0
10    1077     0.0   0.266399  0.266399  0.6225  2.13518  0.0973925  1.96673  2.24248  0.275758 911.333 2
10    1077     0.0   0.266399  0.266399  0.6225  2.13518  0.0973925  1.96673  2.24248  0.275758 911.333 0
11    1101     0.0   0.266399  0.266399  0.6225  2.13518  0.0973925  1.96673  2.24248  0.275758 911.333 15
11    1102     0.0   0.266399  0.266399  0.6225  2.13518  0.0973925  1.96673  2.24248  0.275758 911.333 15
11    1102     0.0   0.266399  0.266399  0.6225  2.13518  0.0973925  1.96673  2.24248  0.275758 911.333 0
12    1293     0.0   0.266399  0.266399  0.6225  2.13518  0.0973925  1.96673  2.24248  0.275758 911.333 127
12    1293     0.0   0.266399  0.266399  0.6225  2.13518  0.0973925  1.96673  2.24248  0.275758 911.333 0
14    1459     0.0   0.266399  0.266399  0.6225  2.13518  0.0973925  1.96673  2.24248  0.275758 911.333 106
14    1459     0.0   0.266399  0.266399  0.6225  2.13518  0.0973925  1.96673  2.24248  0.275758 911.333 0
18    1840     0.0   0.266399  0.266399  0.6225  2.13518  0.0973925  1.96673  2.24248  0.275758 911.333 232
18    1840     0.0   0.267466  0.267466  0.4075  2.18049  0.310882  1.67986  2.59856  0.9187 785.535 0
21    2172     0.0   0.267466  0.267466  0.4075  2.18049  0.310882  1.67986  2.59856  0.9187 785.535 230
21    2172     0.0   0.278815  0.278815  0.4525  2.24172  0.16111  1.89238  2.40536  0.512987 775.934 0
22    2201     0.0   0.278815  0.278815  0.4525  2.24172  0.16111  1.89238  2.40536  0.512987 775.934 20
33    3303     0.1   0.278815  0.278815  0.4525  2.24172  0.16111  1.89238  2.40536  0.512987 775.934 771
38    3821     0.1   0.278815  0.278815  0.4525  2.24172  0.16111  1.89238  2.40536  0.512987 775.934 1123
38    3821     0.1   0.278815  0.278815  0.4525  2.24172  0.16111  1.89238  2.40536  0.512987 775.934 0
38    3854     0.1   0.278815  0.278815  0.4525  2.24172  0.16111  1.89238  2.40536  0.512987 775.934 19
38    3854     0.1   0.28615  0.28615  0.6225  2.30659  0.21754  2.0775  2.61055  0.533052 710.468 0
38    3855     0.1   0.28615  0.28615  0.6225  2.30659  0.21754  2.0775  2.61055  0.533052 710.468 0
38    3855     0.1   0.337378  0.337378  0.5875  2.70408  0.12309  2.46853  2.86948  0.400948 888.665 0
43    4340     0.1   0.337378  0.337378  0.5875  2.70408  0.12309  2.46853  2.86948  0.400948 888.665 299
43    4340     0.1   0.337378  0.337378  0.5875  2.70408  0.12309  2.46853  2.86948  0.400948 888.665 0
44    4400     0.1   0.337378  0.337378  0.5875  2.70408  0.12309  2.46853  2.86948  0.400948 888.665 45
55    5503     0.1   0.337378  0.337378  0.5875  2.70408  0.12309  2.46853  2.86948  0.400948 888.665 784
57    5800     0.1   0.337378  0.337378  0.5875  2.70408  0.12309  2.46853  2.86948  0.400948 888.665 976
57    5800     0.1   0.337378  0.337378  0.5875  2.70408  0.12309  2.46853  2.86948  0.400948 888.665 0
66    6600     0.1   0.337378  0.337378  0.5875  2.70408  0.12309  2.46853  2.86948  0.400948 888.665 546
77    7701     0.1   0.337378  0.337378  0.5875  2.70408  0.12309  2.46853  2.86948  0.400948 888.665 1267
88    8801     0.1   0.337378  0.337378  0.5875  2.70408  0.12309  2.46853  2.86948  0.400948 888.665 2011
89    8983     0.1   0.337378  0.337378  0.5875  2.70408  0.12309  2.46853  2.86948  0.400948 888.665 2123
89    8983     0.1   0.337378  0.337378  0.5875  2.70408  0.12309  2.46853  2.86948  0.400948 888.665 0
96    9655     0.1   0.337378  0.337378  0.5875  2.70408  0.12309  2.46853  2.86948  0.400948 888.665 468
96    9655     0.1   0.337378  0.337378  0.5875  2.70408  0.12309  2.46853  2.86948  0.400948 888.665 0
99    9900     0.1   0.337378  0.337378  0.5875  2.70408  0.12309  2.46853  2.86948  0.400948 888.665 157
100   10000     0.1   0.337378  0.337378  0.5875  2.70408  0.12309  2.46853  2.86948  0.400948 888.665 222
EndUpdateLog

Done
