optseq2
$Id: optseq2.c,v 2.14 2008/03/10 13:35:23 nicks Exp $
NoSearch  = 0
nSearch  = 10000
nKeep    = 4
PctUpdate  = 10.000000
nCB1Opt  = 0
seed     = 488529
Ntp  = 45
TR   = 1.8
TPreScan   = 0
PSD Window   = 1.8 16.2 1.8
nEvTypes = 5
EvNo    Label Duration nRepsNom
 1   strongGo  1.800    8
 2 strongNoGo  1.800    8
 3     weakGo  1.800    8
 4   weakNoGo  1.800    8
 5      catch  1.800    4
PctVarEvReps = 0
VarEvRepsPerCond = 0
PolyOrder = -1
tNullMax = -1
tNullMin = 0
AR1 = 0
No refractory penalty
Cost = eff
OutStem = no_go_catch_run3
Summary File = no_go_catch_run3.sum

Pct nSrch MinSrch Cost Eff Cb1Err VRFAvg VRFStd VRFMin VRFMax VRFRange nSince

BeginUpdateLog
 0       1     0.0   0.0393609  0.0393609  0.5775  0.363988  0.123725  0.16734  0.488659  0.321319 998.135 0
 0       7     0.0   0.0701183  0.0701183  0.6475  0.613913  0.202985  0.418939  0.906044  0.487105 979.934 2
 0       7     0.0   0.0701183  0.0701183  0.6475  0.613913  0.202985  0.418939  0.906044  0.487105 979.934 0
 0       8     0.0   0.0701183  0.0701183  0.6475  0.613913  0.202985  0.418939  0.906044  0.487105 979.934 0
 0       8     0.0   0.0701183  0.0701183  0.6475  0.613913  0.202985  0.418939  0.906044  0.487105 979.934 0
 0      11     0.0   0.0701183  0.0701183  0.6475  0.613913  0.202985  0.418939  0.906044  0.487105 979.934 1
 0      11     0.0   0.12894  0.12894  0.5300  1.06259  0.183433  0.731309  1.32901  0.597702 941.423 0
 0      13     0.0   0.12894  0.12894  0.5300  1.06259  0.183433  0.731309  1.32901  0.597702 941.423 0
 0      13     0.0   0.12894  0.12894  0.5300  1.06259  0.183433  0.731309  1.32901  0.597702 941.423 0
 0      15     0.0   0.12894  0.12894  0.5300  1.06259  0.183433  0.731309  1.32901  0.597702 941.423 1
 0      15     0.0   0.12894  0.12894  0.5300  1.06259  0.183433  0.731309  1.32901  0.597702 941.423 0
 0      18     0.0   0.12894  0.12894  0.5300  1.06259  0.183433  0.731309  1.32901  0.597702 941.423 2
 0      18     0.0   0.132251  0.132251  0.6100  1.12673  0.27025  0.634783  1.5492  0.914419 985.556 0
 0      27     0.0   0.132251  0.132251  0.6100  1.12673  0.27025  0.634783  1.5492  0.914419 985.556 8
 0      27     0.0   0.132251  0.132251  0.6100  1.12673  0.27025  0.634783  1.5492  0.914419 985.556 0
 2     233     0.0   0.132251  0.132251  0.6100  1.12673  0.27025  0.634783  1.5492  0.914419 985.556 174
 2     233     0.0   0.132251  0.132251  0.6100  1.12673  0.27025  0.634783  1.5492  0.914419 985.556 0
 2     239     0.0   0.132251  0.132251  0.6100  1.12673  0.27025  0.634783  1.5492  0.914419 985.556 2
 2     239     0.0   0.132251  0.132251  0.6100  1.12673  0.27025  0.634783  1.5492  0.914419 985.556 0
 2     244     0.0   0.132251  0.132251  0.6100  1.12673  0.27025  0.634783  1.5492  0.914419 985.556 4
 2     244     0.0   0.132251  0.132251  0.6100  1.12673  0.27025  0.634783  1.5492  0.914419 985.556 0
 3     365     0.0   0.132251  0.132251  0.6100  1.12673  0.27025  0.634783  1.5492  0.914419 985.556 101
 3     365     0.0   0.132251  0.132251  0.6100  1.12673  0.27025  0.634783  1.5492  0.914419 985.556 0
 6     674     0.0   0.132251  0.132251  0.6100  1.12673  0.27025  0.634783  1.5492  0.914419 985.556 256
 6     674     0.0   0.133241  0.133241  0.6575  1.09253  0.185672  0.880872  1.35838  0.477504 956.911 0
10    1072     0.0   0.133241  0.133241  0.6575  1.09253  0.185672  0.880872  1.35838  0.477504 956.911 336
10    1072     0.0   0.161386  0.161386  0.6100  1.33906  0.289153  1.07749  1.82669  0.749202 993.667 0
11    1100     0.0   0.161386  0.161386  0.6100  1.33906  0.289153  1.07749  1.82669  0.749202 993.667 25
15    1551     0.0   0.161386  0.161386  0.6100  1.33906  0.289153  1.07749  1.82669  0.749202 993.667 401
15    1551     0.0   0.192257  0.192257  0.5200  1.59064  0.31487  1.15954  2.13632  0.976783 1009.67 0
22    2200     0.0   0.192257  0.192257  0.5200  1.59064  0.31487  1.15954  2.13632  0.976783 1009.67 553
28    2897     0.0   0.192257  0.192257  0.5200  1.59064  0.31487  1.15954  2.13632  0.976783 1009.67 1151
28    2897     0.0   0.192257  0.192257  0.5200  1.59064  0.31487  1.15954  2.13632  0.976783 1009.67 0
32    3229     0.0   0.192257  0.192257  0.5200  1.59064  0.31487  1.15954  2.13632  0.976783 1009.67 269
32    3229     0.0   0.192257  0.192257  0.5200  1.59064  0.31487  1.15954  2.13632  0.976783 1009.67 0
33    3300     0.0   0.192257  0.192257  0.5200  1.59064  0.31487  1.15954  2.13632  0.976783 1009.67 58
44    4400     0.1   0.192257  0.192257  0.5200  1.59064  0.31487  1.15954  2.13632  0.976783 1009.67 990
55    5500     0.1   0.192257  0.192257  0.5200  1.59064  0.31487  1.15954  2.13632  0.976783 1009.67 1923
66    6600     0.1   0.192257  0.192257  0.5200  1.59064  0.31487  1.15954  2.13632  0.976783 1009.67 2847
77    7701     0.1   0.192257  0.192257  0.5200  1.59064  0.31487  1.15954  2.13632  0.976783 1009.67 3789
88    8801     0.1   0.192257  0.192257  0.5200  1.59064  0.31487  1.15954  2.13632  0.976783 1009.67 4725
99    9900     0.1   0.192257  0.192257  0.5200  1.59064  0.31487  1.15954  2.13632  0.976783 1009.67 5642
100   10000     0.1   0.192257  0.192257  0.5200  1.59064  0.31487  1.15954  2.13632  0.976783 1009.67 5725
EndUpdateLog

Done
