optseq2
$Id: optseq2.c,v 2.14 2008/03/10 13:35:23 nicks Exp $
NoSearch  = 0
nSearch  = 10000
nKeep    = 3
PctUpdate  = 10.000000
nCB1Opt  = 0
seed     = 245200
Ntp  = 50
TR   = 1.8
TPreScan   = 0
PSD Window   = 0 18 1.8
nEvTypes = 4
EvNo    Label Duration nRepsNom
 1     weakGo  1.800   10
 2   strongGo  1.800   10
 3   weakNoGo  1.800   10
 4 strongNoGo  1.800   10
PctVarEvReps = 0
VarEvRepsPerCond = 0
PolyOrder = -1
tNullMax = -1
tNullMin = 0
AR1 = 0
No refractory penalty
Cost = eff
OutStem = no_go_run4
Summary File = no_go_run4.sum

Pct nSrch MinSrch Cost Eff Cb1Err VRFAvg VRFStd VRFMin VRFMax VRFRange nSince

BeginUpdateLog
 0       1     0.0   0.0954436  0.0954436  0.4000  1.01968  0.264767  0.612905  1.46164  0.84873 1050 0
 0       4     0.0   0.136846  0.136846  0.3500  1.42005  0.268329  0.964622  1.66069  0.696067 1167 0
 0       4     0.0   0.136846  0.136846  0.3500  1.42005  0.268329  0.964622  1.66069  0.696067 1167 0
 0       6     0.0   0.136846  0.136846  0.3500  1.42005  0.268329  0.964622  1.66069  0.696067 1167 1
 0       6     0.0   0.136846  0.136846  0.3500  1.42005  0.268329  0.964622  1.66069  0.696067 1167 0
 0       8     0.0   0.136846  0.136846  0.3500  1.42005  0.268329  0.964622  1.66069  0.696067 1167 0
 0       8     0.0   0.136846  0.136846  0.3500  1.42005  0.268329  0.964622  1.66069  0.696067 1167 0
 0       9     0.0   0.136846  0.136846  0.3500  1.42005  0.268329  0.964622  1.66069  0.696067 1167 0
 0       9     0.0   0.162294  0.162294  0.3250  1.65083  0.224447  1.28673  1.99179  0.705058 1252 0
 0      12     0.0   0.162294  0.162294  0.3250  1.65083  0.224447  1.28673  1.99179  0.705058 1252 2
 0      12     0.0   0.162294  0.162294  0.3250  1.65083  0.224447  1.28673  1.99179  0.705058 1252 0
 0      13     0.0   0.162294  0.162294  0.3250  1.65083  0.224447  1.28673  1.99179  0.705058 1252 0
 0      13     0.0   0.17287  0.17287  0.3000  1.78058  0.330511  1.36531  2.3105  0.945189 1100 0
 0      45     0.0   0.17287  0.17287  0.3000  1.78058  0.330511  1.36531  2.3105  0.945189 1100 27
 0      45     0.0   0.17287  0.17287  0.3000  1.78058  0.330511  1.36531  2.3105  0.945189 1100 0
 0      46     0.0   0.17287  0.17287  0.3000  1.78058  0.330511  1.36531  2.3105  0.945189 1100 0
 0      46     0.0   0.17287  0.17287  0.3000  1.78058  0.330511  1.36531  2.3105  0.945189 1100 0
 0      89     0.0   0.17287  0.17287  0.3000  1.78058  0.330511  1.36531  2.3105  0.945189 1100 35
 0      89     0.0   0.17287  0.17287  0.3000  1.78058  0.330511  1.36531  2.3105  0.945189 1100 0
 0      96     0.0   0.17287  0.17287  0.3000  1.78058  0.330511  1.36531  2.3105  0.945189 1100 5
 0      96     0.0   0.18424  0.18424  0.3500  1.93884  0.428237  1.22798  2.42209  1.19411 993 0
 1     103     0.0   0.18424  0.18424  0.3500  1.93884  0.428237  1.22798  2.42209  1.19411 993 6
 1     103     0.0   0.188972  0.188972  0.4000  1.90574  0.182797  1.59858  2.16443  0.565853 1238 0
 1     113     0.0   0.188972  0.188972  0.4000  1.90574  0.182797  1.59858  2.16443  0.565853 1238 7
 1     113     0.0   0.188972  0.188972  0.4000  1.90574  0.182797  1.59858  2.16443  0.565853 1238 0
 2     289     0.0   0.188972  0.188972  0.4000  1.90574  0.182797  1.59858  2.16443  0.565853 1238 146
 2     289     0.0   0.189318  0.189318  0.3500  1.96159  0.361225  1.27468  2.47536  1.20069 1267 0
 5     534     0.0   0.189318  0.189318  0.3500  1.96159  0.361225  1.27468  2.47536  1.20069 1267 207
 5     534     0.0   0.217462  0.217462  0.3000  2.18303  0.136306  1.85168  2.34099  0.489311 1220 0
10    1056     0.0   0.217462  0.217462  0.3000  2.18303  0.136306  1.85168  2.34099  0.489311 1220 445
10    1056     0.0   0.217462  0.217462  0.3000  2.18303  0.136306  1.85168  2.34099  0.489311 1220 0
11    1101     0.0   0.217462  0.217462  0.3000  2.18303  0.136306  1.85168  2.34099  0.489311 1220 39
15    1506     0.0   0.217462  0.217462  0.3000  2.18303  0.136306  1.85168  2.34099  0.489311 1220 397
15    1506     0.0   0.217462  0.217462  0.3000  2.18303  0.136306  1.85168  2.34099  0.489311 1220 0
22    2200     0.0   0.217462  0.217462  0.3000  2.18303  0.136306  1.85168  2.34099  0.489311 1220 593
23    2392     0.0   0.217462  0.217462  0.3000  2.18303  0.136306  1.85168  2.34099  0.489311 1220 756
23    2392     0.0   0.217462  0.217462  0.3000  2.18303  0.136306  1.85168  2.34099  0.489311 1220 0
26    2661     0.0   0.217462  0.217462  0.3000  2.18303  0.136306  1.85168  2.34099  0.489311 1220 227
26    2661     0.0   0.217462  0.217462  0.3000  2.18303  0.136306  1.85168  2.34099  0.489311 1220 0
33    3303     0.0   0.217462  0.217462  0.3000  2.18303  0.136306  1.85168  2.34099  0.489311 1220 546
41    4192     0.1   0.217462  0.217462  0.3000  2.18303  0.136306  1.85168  2.34099  0.489311 1220 1279
41    4192     0.1   0.217462  0.217462  0.3000  2.18303  0.136306  1.85168  2.34099  0.489311 1220 0
44    4400     0.1   0.217462  0.217462  0.3000  2.18303  0.136306  1.85168  2.34099  0.489311 1220 178
44    4445     0.1   0.217462  0.217462  0.3000  2.18303  0.136306  1.85168  2.34099  0.489311 1220 217
44    4445     0.1   0.217462  0.217462  0.3000  2.18303  0.136306  1.85168  2.34099  0.489311 1220 0
49    4995     0.1   0.217462  0.217462  0.3000  2.18303  0.136306  1.85168  2.34099  0.489311 1220 459
49    4995     0.1   0.217556  0.217556  0.3500  2.22452  0.351404  1.64296  2.94776  1.3048 1125 0
55    5500     0.1   0.217556  0.217556  0.3500  2.22452  0.351404  1.64296  2.94776  1.3048 1125 435
65    6595     0.1   0.217556  0.217556  0.3500  2.22452  0.351404  1.64296  2.94776  1.3048 1125 1366
65    6595     0.1   0.230078  0.230078  0.5250  2.3328  0.28474  1.88695  2.74509  0.858141 1252 0
66    6600     0.1   0.230078  0.230078  0.5250  2.3328  0.28474  1.88695  2.74509  0.858141 1252 5
77    7700     0.1   0.230078  0.230078  0.5250  2.3328  0.28474  1.88695  2.74509  0.858141 1252 917
88    8800     0.1   0.230078  0.230078  0.5250  2.3328  0.28474  1.88695  2.74509  0.858141 1252 1833
99    9900     0.1   0.230078  0.230078  0.5250  2.3328  0.28474  1.88695  2.74509  0.858141 1252 2765
100   10000     0.1   0.230078  0.230078  0.5250  2.3328  0.28474  1.88695  2.74509  0.858141 1252 2849
EndUpdateLog

Done
