optseq2
$Id: optseq2.c,v 2.14 2008/03/10 13:35:23 nicks Exp $
NoSearch  = 0
nSearch  = 10000
nKeep    = 3
PctUpdate  = 10.000000
nCB1Opt  = 0
seed     = 908096
Ntp  = 50
TR   = 1.8
TPreScan   = 0
PSD Window   = 0 18 1.8
nEvTypes = 4
EvNo    Label Duration nRepsNom
 1     weakGo  1.800   10
 2   strongGo  1.800   10
 3   weakNoGo  1.800   10
 4 strongNoGo  1.800   10
PctVarEvReps = 0
VarEvRepsPerCond = 0
PolyOrder = -1
tNullMax = -1
tNullMin = 0
AR1 = 0
No refractory penalty
Cost = eff
OutStem = no_go_run3
Summary File = no_go_run3.sum

Pct nSrch MinSrch Cost Eff Cb1Err VRFAvg VRFStd VRFMin VRFMax VRFRange nSince

BeginUpdateLog
 0       2     0.0   0.0752603  0.0752603  0.4250  0.809322  0.246598  0.539033  1.35352  0.814484 1611 0
 0       5     0.0   0.146354  0.146354  0.3750  1.62839  0.412621  0.635653  2.03245  1.3968 1344 0
 0       5     0.0   0.146354  0.146354  0.3750  1.62839  0.412621  0.635653  2.03245  1.3968 1344 0
 0       7     0.0   0.146354  0.146354  0.3750  1.62839  0.412621  0.635653  2.03245  1.3968 1344 1
 0       7     0.0   0.146354  0.146354  0.3750  1.62839  0.412621  0.635653  2.03245  1.3968 1344 0
 0      11     0.0   0.146354  0.146354  0.3750  1.62839  0.412621  0.635653  2.03245  1.3968 1344 2
 0      11     0.0   0.146354  0.146354  0.3750  1.62839  0.412621  0.635653  2.03245  1.3968 1344 0
 0      14     0.0   0.146354  0.146354  0.3750  1.62839  0.412621  0.635653  2.03245  1.3968 1344 1
 0      14     0.0   0.150899  0.150899  0.4500  1.55639  0.287864  1.14243  2.0242  0.881765 1330 0
 0      20     0.0   0.150899  0.150899  0.4500  1.55639  0.287864  1.14243  2.0242  0.881765 1330 4
 0      20     0.0   0.150899  0.150899  0.4500  1.55639  0.287864  1.14243  2.0242  0.881765 1330 0
 0      35     0.0   0.150899  0.150899  0.4500  1.55639  0.287864  1.14243  2.0242  0.881765 1330 12
 0      35     0.0   0.150899  0.150899  0.4500  1.55639  0.287864  1.14243  2.0242  0.881765 1330 0
 0      81     0.0   0.150899  0.150899  0.4500  1.55639  0.287864  1.14243  2.0242  0.881765 1330 38
 0      81     0.0   0.161809  0.161809  0.4750  1.64051  0.195598  1.35412  1.86234  0.508213 1415 0
 0      90     0.0   0.161809  0.161809  0.4750  1.64051  0.195598  1.35412  1.86234  0.508213 1415 5
 0      90     0.0   0.175266  0.175266  0.4750  1.8109  0.353258  1.43358  2.36856  0.934984 1208 0
 1     166     0.0   0.175266  0.175266  0.4750  1.8109  0.353258  1.43358  2.36856  0.934984 1208 60
 1     166     0.0   0.175266  0.175266  0.4750  1.8109  0.353258  1.43358  2.36856  0.934984 1208 0
 1     189     0.0   0.175266  0.175266  0.4750  1.8109  0.353258  1.43358  2.36856  0.934984 1208 19
 1     189     0.0   0.200353  0.200353  0.4000  2.06708  0.389054  1.56545  2.78984  1.22438 1138 0
 2     296     0.0   0.200353  0.200353  0.4000  2.06708  0.389054  1.56545  2.78984  1.22438 1138 92
 2     296     0.0   0.200353  0.200353  0.4000  2.06708  0.389054  1.56545  2.78984  1.22438 1138 0
 5     540     0.0   0.200353  0.200353  0.4000  2.06708  0.389054  1.56545  2.78984  1.22438 1138 213
 5     540     0.0   0.200353  0.200353  0.4000  2.06708  0.389054  1.56545  2.78984  1.22438 1138 0
 5     600     0.0   0.200353  0.200353  0.4000  2.06708  0.389054  1.56545  2.78984  1.22438 1138 47
 5     600     0.0   0.200353  0.200353  0.4000  2.06708  0.389054  1.56545  2.78984  1.22438 1138 0
 7     773     0.0   0.200353  0.200353  0.4000  2.06708  0.389054  1.56545  2.78984  1.22438 1138 137
 7     773     0.0   0.200353  0.200353  0.4000  2.06708  0.389054  1.56545  2.78984  1.22438 1138 0
 9     947     0.0   0.200353  0.200353  0.4000  2.06708  0.389054  1.56545  2.78984  1.22438 1138 151
 9     947     0.0   0.200353  0.200353  0.4000  2.06708  0.389054  1.56545  2.78984  1.22438 1138 0
11    1100     0.0   0.200353  0.200353  0.4000  2.06708  0.389054  1.56545  2.78984  1.22438 1138 129
18    1873     0.0   0.200353  0.200353  0.4000  2.06708  0.389054  1.56545  2.78984  1.22438 1138 771
18    1873     0.0   0.200353  0.200353  0.4000  2.06708  0.389054  1.56545  2.78984  1.22438 1138 0
22    2200     0.0   0.200353  0.200353  0.4000  2.06708  0.389054  1.56545  2.78984  1.22438 1138 280
23    2389     0.0   0.200353  0.200353  0.4000  2.06708  0.389054  1.56545  2.78984  1.22438 1138 440
23    2389     0.0   0.200528  0.200528  0.4000  2.01574  0.154126  1.73731  2.33897  0.601662 1150 0
27    2702     0.1   0.200528  0.200528  0.4000  2.01574  0.154126  1.73731  2.33897  0.601662 1150 264
27    2702     0.1   0.225981  0.225981  0.3000  2.29436  0.270526  1.65843  2.5814  0.922962 1084 0
33    3300     0.1   0.225981  0.225981  0.3000  2.29436  0.270526  1.65843  2.5814  0.922962 1084 506
40    4060     0.1   0.225981  0.225981  0.3000  2.29436  0.270526  1.65843  2.5814  0.922962 1084 1157
40    4060     0.1   0.225981  0.225981  0.3000  2.29436  0.270526  1.65843  2.5814  0.922962 1084 0
44    4400     0.1   0.225981  0.225981  0.3000  2.29436  0.270526  1.65843  2.5814  0.922962 1084 286
53    5326     0.1   0.225981  0.225981  0.3000  2.29436  0.270526  1.65843  2.5814  0.922962 1084 1074
53    5326     0.1   0.225981  0.225981  0.3000  2.29436  0.270526  1.65843  2.5814  0.922962 1084 0
55    5500     0.1   0.225981  0.225981  0.3000  2.29436  0.270526  1.65843  2.5814  0.922962 1084 150
59    5937     0.1   0.225981  0.225981  0.3000  2.29436  0.270526  1.65843  2.5814  0.922962 1084 520
59    5937     0.1   0.225981  0.225981  0.3000  2.29436  0.270526  1.65843  2.5814  0.922962 1084 0
66    6600     0.1   0.225981  0.225981  0.3000  2.29436  0.270526  1.65843  2.5814  0.922962 1084 544
77    7700     0.1   0.225981  0.225981  0.3000  2.29436  0.270526  1.65843  2.5814  0.922962 1084 1473
86    8689     0.2   0.225981  0.225981  0.3000  2.29436  0.270526  1.65843  2.5814  0.922962 1084 2286
86    8689     0.2   0.225981  0.225981  0.3000  2.29436  0.270526  1.65843  2.5814  0.922962 1084 0
88    8800     0.2   0.225981  0.225981  0.3000  2.29436  0.270526  1.65843  2.5814  0.922962 1084 98
99    9900     0.2   0.225981  0.225981  0.3000  2.29436  0.270526  1.65843  2.5814  0.922962 1084 1009
100   10000     0.2   0.225981  0.225981  0.3000  2.29436  0.270526  1.65843  2.5814  0.922962 1084 1094
EndUpdateLog

Done
