optseq2
$Id: optseq2.c,v 2.14 2008/03/10 13:35:23 nicks Exp $
NoSearch  = 0
nSearch  = 10000
nKeep    = 4
PctUpdate  = 10.000000
nCB1Opt  = 0
seed     = 278508
Ntp  = 46
TR   = 2
TPreScan   = 0
PSD Window   = 2 18 2
nEvTypes = 5
EvNo    Label Duration nRepsNom
 1   strongGo  2.000    8
 2 strongNoGo  2.000    8
 3     weakGo  2.000    8
 4   weakNoGo  2.000    8
 5      catch  2.000    4
PctVarEvReps = 0
VarEvRepsPerCond = 0
PolyOrder = -1
tNullMax = -1
tNullMin = 0
AR1 = 0
No refractory penalty
Cost = eff
OutStem = no_go_catch_run2
Summary File = no_go_catch_run2.sum

Pct nSrch MinSrch Cost Eff Cb1Err VRFAvg VRFStd VRFMin VRFMax VRFRange nSince

BeginUpdateLog
 0       2     0.0   0.0605849  0.0605849  0.5750  0.559246  0.213386  0.257002  0.925673  0.668671 1039.13 0
 0       8     0.0   0.118091  0.118091  0.3700  1.01568  0.253066  0.548747  1.28006  0.731311 904.087 0
 0       8     0.0   0.118091  0.118091  0.3700  1.01568  0.253066  0.548747  1.28006  0.731311 904.087 0
 0      16     0.0   0.118091  0.118091  0.3700  1.01568  0.253066  0.548747  1.28006  0.731311 904.087 7
 0      16     0.0   0.118091  0.118091  0.3700  1.01568  0.253066  0.548747  1.28006  0.731311 904.087 0
 0      23     0.0   0.118091  0.118091  0.3700  1.01568  0.253066  0.548747  1.28006  0.731311 904.087 6
 0      23     0.0   0.118091  0.118091  0.3700  1.01568  0.253066  0.548747  1.28006  0.731311 904.087 0
 0      38     0.0   0.118091  0.118091  0.3700  1.01568  0.253066  0.548747  1.28006  0.731311 904.087 12
 0      38     0.0   0.118091  0.118091  0.3700  1.01568  0.253066  0.548747  1.28006  0.731311 904.087 0
 0      56     0.0   0.118091  0.118091  0.3700  1.01568  0.253066  0.548747  1.28006  0.731311 904.087 12
 0      56     0.0   0.118091  0.118091  0.3700  1.01568  0.253066  0.548747  1.28006  0.731311 904.087 0
 0      69     0.0   0.118091  0.118091  0.3700  1.01568  0.253066  0.548747  1.28006  0.731311 904.087 9
 0      69     0.0   0.118091  0.118091  0.3700  1.01568  0.253066  0.548747  1.28006  0.731311 904.087 0
 0      72     0.0   0.118091  0.118091  0.3700  1.01568  0.253066  0.548747  1.28006  0.731311 904.087 1
 0      72     0.0   0.118091  0.118091  0.3700  1.01568  0.253066  0.548747  1.28006  0.731311 904.087 0
 0      85     0.0   0.118091  0.118091  0.3700  1.01568  0.253066  0.548747  1.28006  0.731311 904.087 12
 0      85     0.0   0.118091  0.118091  0.3700  1.01568  0.253066  0.548747  1.28006  0.731311 904.087 0
 0     100     0.0   0.118091  0.118091  0.3700  1.01568  0.253066  0.548747  1.28006  0.731311 904.087 11
 0     100     0.0   0.118091  0.118091  0.3700  1.01568  0.253066  0.548747  1.28006  0.731311 904.087 0
 1     122     0.0   0.118091  0.118091  0.3700  1.01568  0.253066  0.548747  1.28006  0.731311 904.087 17
 1     122     0.0   0.124655  0.124655  0.3725  1.11222  0.375595  0.590798  1.64594  1.05515 942.347 0
 1     148     0.0   0.124655  0.124655  0.3725  1.11222  0.375595  0.590798  1.64594  1.05515 942.347 18
 1     148     0.0   0.156429  0.156429  0.5325  1.29945  0.271227  0.907334  1.69496  0.787629 1038.48 0
 1     191     0.0   0.156429  0.156429  0.5325  1.29945  0.271227  0.907334  1.69496  0.787629 1038.48 33
 1     191     0.0   0.156429  0.156429  0.5325  1.29945  0.271227  0.907334  1.69496  0.787629 1038.48 0
 3     367     0.0   0.156429  0.156429  0.5325  1.29945  0.271227  0.907334  1.69496  0.787629 1038.48 141
 3     367     0.0   0.156429  0.156429  0.5325  1.29945  0.271227  0.907334  1.69496  0.787629 1038.48 0
 3     381     0.0   0.156429  0.156429  0.5325  1.29945  0.271227  0.907334  1.69496  0.787629 1038.48 12
 3     381     0.0   0.181727  0.181727  0.3825  1.50426  0.290196  1.11181  1.89368  0.78187 890.392 0
 4     413     0.0   0.181727  0.181727  0.3825  1.50426  0.290196  1.11181  1.89368  0.78187 890.392 25
 4     413     0.0   0.181727  0.181727  0.3825  1.50426  0.290196  1.11181  1.89368  0.78187 890.392 0
 5     502     0.0   0.181727  0.181727  0.3825  1.50426  0.290196  1.11181  1.89368  0.78187 890.392 71
 5     502     0.0   0.181727  0.181727  0.3825  1.50426  0.290196  1.11181  1.89368  0.78187 890.392 0
 9     935     0.0   0.181727  0.181727  0.3825  1.50426  0.290196  1.11181  1.89368  0.78187 890.392 348
 9     935     0.0   0.181727  0.181727  0.3825  1.50426  0.290196  1.11181  1.89368  0.78187 890.392 0
10    1084     0.0   0.181727  0.181727  0.3825  1.50426  0.290196  1.11181  1.89368  0.78187 890.392 117
10    1084     0.0   0.181727  0.181727  0.3825  1.50426  0.290196  1.11181  1.89368  0.78187 890.392 0
11    1100     0.0   0.181727  0.181727  0.3825  1.50426  0.290196  1.11181  1.89368  0.78187 890.392 16
11    1190     0.0   0.181727  0.181727  0.3825  1.50426  0.290196  1.11181  1.89368  0.78187 890.392 92
11    1190     0.0   0.181727  0.181727  0.3825  1.50426  0.290196  1.11181  1.89368  0.78187 890.392 0
22    2200     0.0   0.181727  0.181727  0.3825  1.50426  0.290196  1.11181  1.89368  0.78187 890.392 834
33    3301     0.0   0.181727  0.181727  0.3825  1.50426  0.290196  1.11181  1.89368  0.78187 890.392 1756
33    3395     0.0   0.181727  0.181727  0.3825  1.50426  0.290196  1.11181  1.89368  0.78187 890.392 1840
33    3395     0.0   0.181727  0.181727  0.3825  1.50426  0.290196  1.11181  1.89368  0.78187 890.392 0
44    4400     0.1   0.181727  0.181727  0.3825  1.50426  0.290196  1.11181  1.89368  0.78187 890.392 820
55    5500     0.1   0.181727  0.181727  0.3825  1.50426  0.290196  1.11181  1.89368  0.78187 890.392 1716
56    5627     0.1   0.181727  0.181727  0.3825  1.50426  0.290196  1.11181  1.89368  0.78187 890.392 1827
56    5627     0.1   0.181727  0.181727  0.3825  1.50426  0.290196  1.11181  1.89368  0.78187 890.392 0
58    5890     0.1   0.181727  0.181727  0.3825  1.50426  0.290196  1.11181  1.89368  0.78187 890.392 211
58    5890     0.1   0.181727  0.181727  0.3825  1.50426  0.290196  1.11181  1.89368  0.78187 890.392 0
66    6600     0.1   0.181727  0.181727  0.3825  1.50426  0.290196  1.11181  1.89368  0.78187 890.392 596
77    7700     0.1   0.181727  0.181727  0.3825  1.50426  0.290196  1.11181  1.89368  0.78187 890.392 1500
88    8800     0.1   0.181727  0.181727  0.3825  1.50426  0.290196  1.11181  1.89368  0.78187 890.392 2384
98    9804     0.1   0.181727  0.181727  0.3825  1.50426  0.290196  1.11181  1.89368  0.78187 890.392 3239
98    9804     0.1   0.181727  0.181727  0.3825  1.50426  0.290196  1.11181  1.89368  0.78187 890.392 0
99    9901     0.1   0.181727  0.181727  0.3825  1.50426  0.290196  1.11181  1.89368  0.78187 890.392 76
100   10000     0.1   0.181727  0.181727  0.3825  1.50426  0.290196  1.11181  1.89368  0.78187 890.392 163
EndUpdateLog

Done
