optseq2
$Id: optseq2.c,v 2.14 2008/03/10 13:35:23 nicks Exp $
NoSearch  = 0
nSearch  = 10000
nKeep    = 1
PctUpdate  = 10.000000
nCB1Opt  = 0
seed     = 804109
Ntp  = 178
TR   = 2
TPreScan   = 0
PSD Window   = 2 18 2
nEvTypes = 5
EvNo    Label Duration nRepsNom
 1   strongGo  2.000   32
 2 strongNoGo  2.000   32
 3     weakGo  2.000   32
 4   weakNoGo  2.000   32
 5      catch  2.000   16
PctVarEvReps = 0
VarEvRepsPerCond = 0
PolyOrder = -1
tNullMax = -1
tNullMin = 0
AR1 = 0
No refractory penalty
Cost = eff
OutStem = no_go_catch_run3
Summary File = no_go_catch_run3.sum

Pct nSrch MinSrch Cost Eff Cb1Err VRFAvg VRFStd VRFMin VRFMax VRFRange nSince

BeginUpdateLog
 0       1     0.0   1.5624  1.5624  0.2281  12.6622  1.43684  10.0835  13.6094  3.52594 1863.78 0
 0       3     0.0   1.5624  1.5624  0.2281  12.6622  1.43684  10.0835  13.6094  3.52594 1863.78 0
 0       3     0.0   1.56267  1.56267  0.3069  12.5346  0.68159  11.3004  13.5528  2.25239 1975.26 0
 0       4     0.0   1.56267  1.56267  0.3069  12.5346  0.68159  11.3004  13.5528  2.25239 1975.26 0
 0       4     0.0   1.5849  1.5849  0.1844  12.7031  0.586865  11.7352  13.4502  1.71504 1890.11 0
 0       5     0.0   1.5849  1.5849  0.1844  12.7031  0.586865  11.7352  13.4502  1.71504 1890.11 0
 0       5     0.0   1.68227  1.68227  0.2562  13.4642  0.305883  13.0393  14.0648  1.02553 1818.65 0
 0      25     0.0   1.68227  1.68227  0.2562  13.4642  0.305883  13.0393  14.0648  1.02553 1818.65 15
 0      25     0.0   1.684  1.684  0.1931  13.4807  0.364108  12.8991  13.9697  1.07055 1703.4 0
 0      48     0.0   1.684  1.684  0.1931  13.4807  0.364108  12.8991  13.9697  1.07055 1703.4 21
 0      48     0.0   1.7112  1.7112  0.3081  13.6932  0.234441  13.1493  13.8609  0.711633 1941.15 0
 1     121     0.0   1.7112  1.7112  0.3081  13.6932  0.234441  13.1493  13.8609  0.711633 1941.15 61
 1     121     0.0   1.72263  1.72263  0.2931  13.7863  0.285602  13.3231  14.1879  0.864846 1718.61 0
 3     302     0.0   1.72263  1.72263  0.2931  13.7863  0.285602  13.3231  14.1879  0.864846 1718.61 149
 3     302     0.0   1.73171  1.73171  0.2619  13.8564  0.208157  13.6039  14.2211  0.617226 1690.63 0
 3     350     0.0   1.73171  1.73171  0.2619  13.8564  0.208157  13.6039  14.2211  0.617226 1690.63 34
 3     350     0.0   1.74724  1.74724  0.3294  13.9793  0.148771  13.778  14.2067  0.428676 1960.28 0
11    1100     0.0   1.74724  1.74724  0.3294  13.9793  0.148771  13.778  14.2067  0.428676 1960.28 629
12    1257     0.0   1.74724  1.74724  0.3294  13.9793  0.148771  13.778  14.2067  0.428676 1960.28 759
12    1257     0.0   1.75921  1.75921  0.2425  14.0854  0.434384  13.505  14.5957  1.09071 1692.28 0
22    2200     0.1   1.75921  1.75921  0.2425  14.0854  0.434384  13.505  14.5957  1.09071 1692.28 822
33    3300     0.1   1.75921  1.75921  0.2425  14.0854  0.434384  13.505  14.5957  1.09071 1692.28 1768
40    4084     0.1   1.75921  1.75921  0.2425  14.0854  0.434384  13.505  14.5957  1.09071 1692.28 2454
40    4084     0.1   1.77918  1.77918  0.2719  14.2404  0.334222  13.6774  14.707  1.02961 1903.82 0
44    4400     0.1   1.77918  1.77918  0.2719  14.2404  0.334222  13.6774  14.707  1.02961 1903.82 270
55    5500     0.1   1.77918  1.77918  0.2719  14.2404  0.334222  13.6774  14.707  1.02961 1903.82 1217
66    6600     0.2   1.77918  1.77918  0.2719  14.2404  0.334222  13.6774  14.707  1.02961 1903.82 2152
67    6756     0.2   1.77918  1.77918  0.2719  14.2404  0.334222  13.6774  14.707  1.02961 1903.82 2281
67    6756     0.2   1.78572  1.78572  0.2575  14.287  0.14587  14.1102  14.5646  0.454439 1683.31 0
77    7700     0.2   1.78572  1.78572  0.2575  14.287  0.14587  14.1102  14.5646  0.454439 1683.31 815
88    8800     0.2   1.78572  1.78572  0.2575  14.287  0.14587  14.1102  14.5646  0.454439 1683.31 1762
99    9900     0.3   1.78572  1.78572  0.2575  14.287  0.14587  14.1102  14.5646  0.454439 1683.31 2709
100   10000     0.3   1.78572  1.78572  0.2575  14.287  0.14587  14.1102  14.5646  0.454439 1683.31 2798
EndUpdateLog

Done
