optseq2
$Id: optseq2.c,v 2.14 2008/03/10 13:35:23 nicks Exp $
NoSearch  = 0
nSearch  = 10000
nKeep    = 1
PctUpdate  = 10.000000
nCB1Opt  = 0
seed     = 278082
Ntp  = 178
TR   = 2
TPreScan   = 0
PSD Window   = 2 18 2
nEvTypes = 5
EvNo    Label Duration nRepsNom
 1   strongGo  2.000   32
 2 strongNoGo  2.000   32
 3     weakGo  2.000   32
 4   weakNoGo  2.000   32
 5      catch  2.000   16
PctVarEvReps = 0
VarEvRepsPerCond = 0
PolyOrder = -1
tNullMax = -1
tNullMin = 0
AR1 = 0
No refractory penalty
Cost = eff
OutStem = no_go_catch_run1
Summary File = no_go_catch_run1.sum

Pct nSrch MinSrch Cost Eff Cb1Err VRFAvg VRFStd VRFMin VRFMax VRFRange nSince

BeginUpdateLog
 0       1     0.0   1.50705  1.50705  0.3369  12.07  0.423777  11.1818  12.4673  1.28547 2259.1 0
 0       5     0.0   1.50705  1.50705  0.3369  12.07  0.423777  11.1818  12.4673  1.28547 2259.1 2
 0       5     0.0   1.53607  1.53607  0.3531  12.2934  0.260147  11.9172  12.7088  0.791593 1977.83 0
 0       6     0.0   1.53607  1.53607  0.3531  12.2934  0.260147  11.9172  12.7088  0.791593 1977.83 0
 0       6     0.0   1.53953  1.53953  0.1863  12.325  0.350519  11.8009  12.8167  1.01578 2117.52 0
 0       7     0.0   1.53953  1.53953  0.1863  12.325  0.350519  11.8009  12.8167  1.01578 2117.52 0
 0       7     0.0   1.5721  1.5721  0.3462  12.6137  0.731265  11.6682  13.6008  1.93256 2009.81 0
 0       9     0.0   1.5721  1.5721  0.3462  12.6137  0.731265  11.6682  13.6008  1.93256 2009.81 1
 0       9     0.0   1.68182  1.68182  0.3113  13.4809  0.636542  12.633  14.4345  1.80142 1864.66 0
 0      21     0.0   1.68182  1.68182  0.3113  13.4809  0.636542  12.633  14.4345  1.80142 1864.66 9
 0      21     0.0   1.74982  1.74982  0.2338  14.0239  0.623606  12.8259  14.6126  1.78674 1950.53 0
11    1100     0.0   1.74982  1.74982  0.2338  14.0239  0.623606  12.8259  14.6126  1.78674 1950.53 917
15    1559     0.1   1.74982  1.74982  0.2338  14.0239  0.623606  12.8259  14.6126  1.78674 1950.53 1306
15    1559     0.1   1.77326  1.77326  0.2037  14.1895  0.233902  13.7267  14.4826  0.755832 1749.82 0
22    2200     0.1   1.77326  1.77326  0.2037  14.1895  0.233902  13.7267  14.4826  0.755832 1749.82 541
33    3300     0.1   1.77326  1.77326  0.2037  14.1895  0.233902  13.7267  14.4826  0.755832 1749.82 1499
44    4400     0.1   1.77326  1.77326  0.2037  14.1895  0.233902  13.7267  14.4826  0.755832 1749.82 2428
53    5394     0.1   1.77326  1.77326  0.2037  14.1895  0.233902  13.7267  14.4826  0.755832 1749.82 3283
53    5394     0.1   1.79515  1.79515  0.3237  14.3663  0.290972  14.0397  14.8225  0.78277 1865.44 0
55    5501     0.1   1.79515  1.79515  0.3237  14.3663  0.290972  14.0397  14.8225  0.78277 1865.44 92
66    6600     0.2   1.79515  1.79515  0.3237  14.3663  0.290972  14.0397  14.8225  0.78277 1865.44 1052
77    7700     0.2   1.79515  1.79515  0.3237  14.3663  0.290972  14.0397  14.8225  0.78277 1865.44 1994
88    8800     0.2   1.79515  1.79515  0.3237  14.3663  0.290972  14.0397  14.8225  0.78277 1865.44 2914
99    9900     0.3   1.79515  1.79515  0.3237  14.3663  0.290972  14.0397  14.8225  0.78277 1865.44 3853
100   10000     0.3   1.79515  1.79515  0.3237  14.3663  0.290972  14.0397  14.8225  0.78277 1865.44 3937
EndUpdateLog

Done
