optseq2
$Id: optseq2.c,v 2.14 2008/03/10 13:35:23 nicks Exp $
NoSearch  = 0
nSearch  = 10000
nKeep    = 1
PctUpdate  = 10.000000
nCB1Opt  = 0
seed     = 555951
Ntp  = 178
TR   = 2
TPreScan   = 0
PSD Window   = 2 18 2
nEvTypes = 5
EvNo    Label Duration nRepsNom
 1   strongGo  2.000   32
 2 strongNoGo  2.000   32
 3     weakGo  2.000   32
 4   weakNoGo  2.000   32
 5      catch  2.000   16
PctVarEvReps = 0
VarEvRepsPerCond = 0
PolyOrder = -1
tNullMax = -1
tNullMin = 0
AR1 = 0
No refractory penalty
Cost = eff
OutStem = no_go_catch_run2
Summary File = no_go_catch_run2.sum

Pct nSrch MinSrch Cost Eff Cb1Err VRFAvg VRFStd VRFMin VRFMax VRFRange nSince

BeginUpdateLog
 0       1     0.0   1.6025  1.6025  0.2338  12.8316  0.41376  12.2501  13.4651  1.21503 2084.41 0
 0       7     0.0   1.6025  1.6025  0.2338  12.8316  0.41376  12.2501  13.4651  1.21503 2084.41 5
 0       7     0.0   1.63574  1.63574  0.3537  13.1161  0.666267  12.2115  13.9066  1.69517 1806.91 0
 0      32     0.0   1.63574  1.63574  0.3537  13.1161  0.666267  12.2115  13.9066  1.69517 1806.91 18
 0      32     0.0   1.68225  1.68225  0.3606  13.4604  0.190549  13.1082  13.7784  0.670179 1935.15 0
 0      33     0.0   1.68225  1.68225  0.3606  13.4604  0.190549  13.1082  13.7784  0.670179 1935.15 0
 0      33     0.0   1.68714  1.68714  0.1681  13.5046  0.336221  12.8431  13.8628  1.01975 1873.62 0
 0      47     0.0   1.68714  1.68714  0.1681  13.5046  0.336221  12.8431  13.8628  1.01975 1873.62 9
 0      47     0.0   1.70337  1.70337  0.2581  13.6443  0.516297  12.7823  14.2554  1.47317 1584.59 0
 0      97     0.0   1.70337  1.70337  0.2581  13.6443  0.516297  12.7823  14.2554  1.47317 1584.59 40
 0      97     0.0   1.70502  1.70502  0.2506  13.6431  0.216335  13.3247  13.9518  0.62701 1777.19 0
 1     149     0.0   1.70502  1.70502  0.2506  13.6431  0.216335  13.3247  13.9518  0.62701 1777.19 46
 1     149     0.0   1.70904  1.70904  0.2438  13.6843  0.432311  13.0353  14.2379  1.20266 1756.3 0
 2     269     0.0   1.70904  1.70904  0.2438  13.6843  0.432311  13.0353  14.2379  1.20266 1756.3 98
 2     269     0.0   1.74368  1.74368  0.2856  13.9829  0.716796  12.6733  14.7123  2.03896 1915.27 0
 3     351     0.0   1.74368  1.74368  0.2856  13.9829  0.716796  12.6733  14.7123  2.03896 1915.27 70
 3     351     0.0   1.75122  1.75122  0.1994  14.0121  0.193808  13.6106  14.2797  0.669195 1651.87 0
11    1100     0.0   1.75122  1.75122  0.1994  14.0121  0.193808  13.6106  14.2797  0.669195 1651.87 648
12    1216     0.1   1.75122  1.75122  0.1994  14.0121  0.193808  13.6106  14.2797  0.669195 1651.87 751
12    1216     0.1   1.75815  1.75815  0.3025  14.0897  0.607224  12.7462  14.6193  1.87313 1991.36 0
22    2200     0.1   1.75815  1.75815  0.3025  14.0897  0.607224  12.7462  14.6193  1.87313 1991.36 844
22    2237     0.1   1.75815  1.75815  0.3025  14.0897  0.607224  12.7462  14.6193  1.87313 1991.36 876
22    2237     0.1   1.7625  1.7625  0.2338  14.1153  0.494932  13.368  14.7577  1.38971 1896.08 0
22    2295     0.1   1.7625  1.7625  0.2338  14.1153  0.494932  13.368  14.7577  1.38971 1896.08 47
22    2295     0.1   1.77076  1.77076  0.2212  14.1689  0.209171  13.6899  14.3629  0.672935 1696.3 0
33    3300     0.1   1.77076  1.77076  0.2212  14.1689  0.209171  13.6899  14.3629  0.672935 1696.3 842
37    3715     0.1   1.77076  1.77076  0.2212  14.1689  0.209171  13.6899  14.3629  0.672935 1696.3 1204
37    3715     0.1   1.77678  1.77678  0.2069  14.2165  0.192357  13.9541  14.5242  0.570061 1722.84 0
41    4150     0.1   1.77678  1.77678  0.2069  14.2165  0.192357  13.9541  14.5242  0.570061 1722.84 366
41    4150     0.1   1.78747  1.78747  0.2606  14.3082  0.373543  13.7745  14.9817  1.20722 1806.51 0
44    4401     0.1   1.78747  1.78747  0.2606  14.3082  0.373543  13.7745  14.9817  1.20722 1806.51 220
51    5125     0.1   1.78747  1.78747  0.2606  14.3082  0.373543  13.7745  14.9817  1.20722 1806.51 856
51    5125     0.1   1.79615  1.79615  0.1694  14.375  0.306481  13.867  14.7067  0.839704 1665.19 0
55    5500     0.2   1.79615  1.79615  0.1694  14.375  0.306481  13.867  14.7067  0.839704 1665.19 313
66    6600     0.2   1.79615  1.79615  0.1694  14.375  0.306481  13.867  14.7067  0.839704 1665.19 1263
77    7700     0.2   1.79615  1.79615  0.1694  14.375  0.306481  13.867  14.7067  0.839704 1665.19 2211
88    8800     0.2   1.79615  1.79615  0.1694  14.375  0.306481  13.867  14.7067  0.839704 1665.19 3145
99    9900     0.3   1.79615  1.79615  0.1694  14.375  0.306481  13.867  14.7067  0.839704 1665.19 4073
99   10000     0.3   1.79615  1.79615  0.1694  14.375  0.306481  13.867  14.7067  0.839704 1665.19 4152
EndUpdateLog

Done
