optseq2
$Id: optseq2.c,v 2.14 2008/03/10 13:35:23 nicks Exp $
NoSearch  = 0
nSearch  = 10000
nKeep    = 1
PctUpdate  = 10.000000
nCB1Opt  = 0
seed     = 13501
Ntp  = 178
TR   = 2
TPreScan   = 0
PSD Window   = 2 18 2
nEvTypes = 5
EvNo    Label Duration nRepsNom
 1   strongGo  2.000   32
 2 strongNoGo  2.000   32
 3     weakGo  2.000   32
 4   weakNoGo  2.000   32
 5      catch  2.000   16
PctVarEvReps = 0
VarEvRepsPerCond = 0
PolyOrder = -1
tNullMax = -1
tNullMin = 0
AR1 = 0
No refractory penalty
Cost = eff
OutStem = no_go_catch_run4
Summary File = no_go_catch_run4.sum

Pct nSrch MinSrch Cost Eff Cb1Err VRFAvg VRFStd VRFMin VRFMax VRFRange nSince

BeginUpdateLog
 0       1     0.0   1.56498  1.56498  0.2731  12.5386  0.519363  11.7862  13.2993  1.51306 2013.54 0
 0       2     0.0   1.56498  1.56498  0.2731  12.5386  0.519363  11.7862  13.2993  1.51306 2013.54 0
 0       2     0.0   1.6226  1.6226  0.3200  13.0041  0.580236  12.1324  13.669  1.53653 2217.36 0
 0       4     0.0   1.6226  1.6226  0.3200  13.0041  0.580236  12.1324  13.669  1.53653 2217.36 1
 0       4     0.0   1.62862  1.62862  0.2450  13.0327  0.23662  12.6156  13.2989  0.683265 1909.62 0
 0       7     0.0   1.62862  1.62862  0.2450  13.0327  0.23662  12.6156  13.2989  0.683265 1909.62 2
 0       7     0.0   1.65579  1.65579  0.1988  13.266  0.546944  12.5283  14.0844  1.55617 1853.88 0
 0      14     0.0   1.65579  1.65579  0.1988  13.266  0.546944  12.5283  14.0844  1.55617 1853.88 5
 0      14     0.0   1.70896  1.70896  0.3406  13.6749  0.224698  13.3672  14.0618  0.69461 1813.45 0
 2     291     0.0   1.70896  1.70896  0.3406  13.6749  0.224698  13.3672  14.0618  0.69461 1813.45 230
 2     291     0.0   1.71001  1.71001  0.3187  13.6903  0.401498  13.2328  14.2937  1.0609 1817.35 0
 4     426     0.0   1.71001  1.71001  0.3187  13.6903  0.401498  13.2328  14.2937  1.0609 1817.35 117
 4     426     0.0   1.74313  1.74313  0.2281  13.9679  0.603772  13.2272  14.7294  1.50223 1736.37 0
 4     473     0.0   1.74313  1.74313  0.2281  13.9679  0.603772  13.2272  14.7294  1.50223 1736.37 41
 4     473     0.0   1.74704  1.74704  0.2019  13.9791  0.20873  13.6364  14.2451  0.608607 2005.47 0
 9     986     0.0   1.74704  1.74704  0.2019  13.9791  0.20873  13.6364  14.2451  0.608607 2005.47 418
 9     986     0.0   1.75023  1.75023  0.2606  14.0323  0.691283  12.8936  14.945  2.05138 1828.67 0
11    1100     0.0   1.75023  1.75023  0.2606  14.0323  0.691283  12.8936  14.945  2.05138 1828.67 101
11    1189     0.0   1.75023  1.75023  0.2606  14.0323  0.691283  12.8936  14.945  2.05138 1828.67 176
11    1189     0.0   1.7783  1.7783  0.2806  14.2355  0.378292  13.4406  14.6221  1.18151 1851.51 0
22    2200     0.1   1.7783  1.7783  0.2806  14.2355  0.378292  13.4406  14.6221  1.18151 1851.51 875
33    3300     0.1   1.7783  1.7783  0.2806  14.2355  0.378292  13.4406  14.6221  1.18151 1851.51 1828
44    4400     0.1   1.7783  1.7783  0.2806  14.2355  0.378292  13.4406  14.6221  1.18151 1851.51 2762
55    5501     0.1   1.7783  1.7783  0.2806  14.2355  0.378292  13.4406  14.6221  1.18151 1851.51 3698
57    5757     0.2   1.7783  1.7783  0.2806  14.2355  0.378292  13.4406  14.6221  1.18151 1851.51 3910
57    5757     0.2   1.79937  1.79937  0.2675  14.4034  0.373444  13.9823  14.9484  0.966073 1814.14 0
66    6600     0.2   1.79937  1.79937  0.2675  14.4034  0.373444  13.9823  14.9484  0.966073 1814.14 738
77    7701     0.2   1.79937  1.79937  0.2675  14.4034  0.373444  13.9823  14.9484  0.966073 1814.14 1690
88    8800     0.2   1.79937  1.79937  0.2675  14.4034  0.373444  13.9823  14.9484  0.966073 1814.14 2626
99    9900     0.3   1.79937  1.79937  0.2675  14.4034  0.373444  13.9823  14.9484  0.966073 1814.14 3561
100   10000     0.3   1.79937  1.79937  0.2675  14.4034  0.373444  13.9823  14.9484  0.966073 1814.14 3648
EndUpdateLog

Done
