optseq2
$Id: optseq2.c,v 2.14 2008/03/10 13:35:23 nicks Exp $
NoSearch  = 0
nSearch  = 10000
nKeep    = 3
PctUpdate  = 10.000000
nCB1Opt  = 0
seed     = 477523
Ntp  = 54
TR   = 1.8
TPreScan   = 0
PSD Window   = 0 18 1.8
nEvTypes = 5
EvNo    Label Duration nRepsNom
 1     weakGo  1.800   15
 2   strongGo  1.800   15
 3   weakNoGo  1.800    5
 4 strongNoGo  1.800    5
 5      catch  1.800    4
PctVarEvReps = 0
VarEvRepsPerCond = 0
PolyOrder = -1
tNullMax = -1
tNullMin = 0
AR1 = 0
No refractory penalty
Cost = eff
OutStem = no_go_catch_run1
Summary File = no_go_catch_run1.sum

Pct nSrch MinSrch Cost Eff Cb1Err VRFAvg VRFStd VRFMin VRFMax VRFRange nSince

BeginUpdateLog
 0       1     0.0   0.0119587  0.0119587  0.5954  0.170346  0.137712  0.0634414  0.53725  0.473809 1703.78 0
 0       6     0.0   0.0502513  0.0502513  0.6249  0.589614  0.218873  0.227313  0.875609  0.648296 1510.89 1
 0       6     0.0   0.0502513  0.0502513  0.6249  0.589614  0.218873  0.227313  0.875609  0.648296 1510.89 0
 0       7     0.0   0.0502513  0.0502513  0.6249  0.589614  0.218873  0.227313  0.875609  0.648296 1510.89 0
 0       7     0.0   0.0502513  0.0502513  0.6249  0.589614  0.218873  0.227313  0.875609  0.648296 1510.89 0
 0       9     0.0   0.0502513  0.0502513  0.6249  0.589614  0.218873  0.227313  0.875609  0.648296 1510.89 1
 0       9     0.0   0.0502513  0.0502513  0.6249  0.589614  0.218873  0.227313  0.875609  0.648296 1510.89 0
 0      10     0.0   0.0502513  0.0502513  0.6249  0.589614  0.218873  0.227313  0.875609  0.648296 1510.89 0
 0      10     0.0   0.0502513  0.0502513  0.6249  0.589614  0.218873  0.227313  0.875609  0.648296 1510.89 0
 0      11     0.0   0.0502513  0.0502513  0.6249  0.589614  0.218873  0.227313  0.875609  0.648296 1510.89 0
 0      11     0.0   0.0502513  0.0502513  0.6249  0.589614  0.218873  0.227313  0.875609  0.648296 1510.89 0
 0      12     0.0   0.0502513  0.0502513  0.6249  0.589614  0.218873  0.227313  0.875609  0.648296 1510.89 0
 0      12     0.0   0.0502513  0.0502513  0.6249  0.589614  0.218873  0.227313  0.875609  0.648296 1510.89 0
 0      14     0.0   0.0502513  0.0502513  0.6249  0.589614  0.218873  0.227313  0.875609  0.648296 1510.89 1
 0      14     0.0   0.0502513  0.0502513  0.6249  0.589614  0.218873  0.227313  0.875609  0.648296 1510.89 0
 0      17     0.0   0.0502513  0.0502513  0.6249  0.589614  0.218873  0.227313  0.875609  0.648296 1510.89 1
 0      17     0.0   0.0502513  0.0502513  0.6249  0.589614  0.218873  0.227313  0.875609  0.648296 1510.89 0
 0      21     0.0   0.0502513  0.0502513  0.6249  0.589614  0.218873  0.227313  0.875609  0.648296 1510.89 2
 0      21     0.0   0.0502513  0.0502513  0.6249  0.589614  0.218873  0.227313  0.875609  0.648296 1510.89 0
 0      41     0.0   0.0502513  0.0502513  0.6249  0.589614  0.218873  0.227313  0.875609  0.648296 1510.89 13
 0      41     0.0   0.0502513  0.0502513  0.6249  0.589614  0.218873  0.227313  0.875609  0.648296 1510.89 0
 0      65     0.0   0.0502513  0.0502513  0.6249  0.589614  0.218873  0.227313  0.875609  0.648296 1510.89 19
 0      65     0.0   0.0502513  0.0502513  0.6249  0.589614  0.218873  0.227313  0.875609  0.648296 1510.89 0
 0     100     0.0   0.0502513  0.0502513  0.6249  0.589614  0.218873  0.227313  0.875609  0.648296 1510.89 26
 0     100     0.0   0.0511997  0.0511997  0.6441  0.553283  0.150876  0.32316  0.734246  0.411086 1541 0
 1     106     0.0   0.0511997  0.0511997  0.6441  0.553283  0.150876  0.32316  0.734246  0.411086 1541 4
 1     106     0.0   0.0608306  0.0608306  0.6076  0.646467  0.184942  0.477729  0.992255  0.514526 1520.63 0
 1     138     0.0   0.0608306  0.0608306  0.6076  0.646467  0.184942  0.477729  0.992255  0.514526 1520.63 25
 1     138     0.0   0.0608306  0.0608306  0.6076  0.646467  0.184942  0.477729  0.992255  0.514526 1520.63 0
 1     171     0.0   0.0608306  0.0608306  0.6076  0.646467  0.184942  0.477729  0.992255  0.514526 1520.63 27
 1     171     0.0   0.0608306  0.0608306  0.6076  0.646467  0.184942  0.477729  0.992255  0.514526 1520.63 0
 2     203     0.0   0.0608306  0.0608306  0.6076  0.646467  0.184942  0.477729  0.992255  0.514526 1520.63 26
 2     203     0.0   0.0608306  0.0608306  0.6076  0.646467  0.184942  0.477729  0.992255  0.514526 1520.63 0
 2     288     0.0   0.0608306  0.0608306  0.6076  0.646467  0.184942  0.477729  0.992255  0.514526 1520.63 71
 2     288     0.0   0.0608306  0.0608306  0.6076  0.646467  0.184942  0.477729  0.992255  0.514526 1520.63 0
 3     310     0.0   0.0608306  0.0608306  0.6076  0.646467  0.184942  0.477729  0.992255  0.514526 1520.63 19
 3     310     0.0   0.0608306  0.0608306  0.6076  0.646467  0.184942  0.477729  0.992255  0.514526 1520.63 0
 3     325     0.0   0.0608306  0.0608306  0.6076  0.646467  0.184942  0.477729  0.992255  0.514526 1520.63 10
 3     325     0.0   0.0655948  0.0655948  0.6949  0.757997  0.312421  0.343639  1.4455  1.10186 1613.07 0
 3     393     0.0   0.0655948  0.0655948  0.6949  0.757997  0.312421  0.343639  1.4455  1.10186 1613.07 60
 3     393     0.0   0.0655948  0.0655948  0.6949  0.757997  0.312421  0.343639  1.4455  1.10186 1613.07 0
 6     632     0.0   0.0655948  0.0655948  0.6949  0.757997  0.312421  0.343639  1.4455  1.10186 1613.07 202
 6     632     0.0   0.0655948  0.0655948  0.6949  0.757997  0.312421  0.343639  1.4455  1.10186 1613.07 0
 8     806     0.0   0.0655948  0.0655948  0.6949  0.757997  0.312421  0.343639  1.4455  1.10186 1613.07 149
 8     806     0.0   0.0660864  0.0660864  0.7067  0.696703  0.165624  0.444864  0.950038  0.505173 1636.26 0
 8     814     0.0   0.0660864  0.0660864  0.7067  0.696703  0.165624  0.444864  0.950038  0.505173 1636.26 7
 8     814     0.0   0.0670409  0.0670409  0.6830  0.782677  0.23908  0.257403  1.15047  0.893066 1700.81 0
11    1100     0.0   0.0670409  0.0670409  0.6830  0.782677  0.23908  0.257403  1.15047  0.893066 1700.81 237
14    1405     0.0   0.0670409  0.0670409  0.6830  0.782677  0.23908  0.257403  1.15047  0.893066 1700.81 499
14    1405     0.0   0.0672623  0.0672623  0.5970  0.823404  0.389731  0.383626  1.41588  1.03225 1562.81 0
22    2200     0.1   0.0672623  0.0672623  0.5970  0.823404  0.389731  0.383626  1.41588  1.03225 1562.81 672
25    2568     0.1   0.0672623  0.0672623  0.5970  0.823404  0.389731  0.383626  1.41588  1.03225 1562.81 999
25    2568     0.1   0.0759847  0.0759847  0.7600  0.828176  0.276628  0.553819  1.44321  0.889393 1605.89 0
26    2615     0.1   0.0759847  0.0759847  0.7600  0.828176  0.276628  0.553819  1.44321  0.889393 1605.89 38
26    2615     0.1   0.0759847  0.0759847  0.7600  0.828176  0.276628  0.553819  1.44321  0.889393 1605.89 0
30    3076     0.1   0.0759847  0.0759847  0.7600  0.828176  0.276628  0.553819  1.44321  0.889393 1605.89 403
30    3076     0.1   0.0759847  0.0759847  0.7600  0.828176  0.276628  0.553819  1.44321  0.889393 1605.89 0
31    3179     0.1   0.0759847  0.0759847  0.7600  0.828176  0.276628  0.553819  1.44321  0.889393 1605.89 84
31    3179     0.1   0.0762382  0.0762382  0.6544  0.833432  0.232515  0.419428  1.14478  0.725354 1541.18 0
33    3300     0.1   0.0762382  0.0762382  0.6544  0.833432  0.232515  0.419428  1.14478  0.725354 1541.18 109
34    3407     0.1   0.0762382  0.0762382  0.6544  0.833432  0.232515  0.419428  1.14478  0.725354 1541.18 200
34    3407     0.1   0.0777078  0.0777078  0.6441  0.842807  0.242266  0.528327  1.18237  0.654039 1439.81 0
38    3825     0.1   0.0777078  0.0777078  0.6441  0.842807  0.242266  0.528327  1.18237  0.654039 1439.81 370
38    3825     0.1   0.0791233  0.0791233  0.7831  0.846669  0.24729  0.552879  1.40013  0.847248 1634.81 0
44    4400     0.1   0.0791233  0.0791233  0.7831  0.846669  0.24729  0.552879  1.40013  0.847248 1634.81 487
47    4732     0.1   0.0791233  0.0791233  0.7831  0.846669  0.24729  0.552879  1.40013  0.847248 1634.81 764
47    4732     0.1   0.0795293  0.0795293  0.7065  0.819941  0.157151  0.645187  1.14261  0.497424 1788.63 0
47    4799     0.1   0.0795293  0.0795293  0.7065  0.819941  0.157151  0.645187  1.14261  0.497424 1788.63 56
47    4799     0.1   0.0795293  0.0795293  0.7065  0.819941  0.157151  0.645187  1.14261  0.497424 1788.63 0
55    5500     0.1   0.0795293  0.0795293  0.7065  0.819941  0.157151  0.645187  1.14261  0.497424 1788.63 598
56    5653     0.1   0.0795293  0.0795293  0.7065  0.819941  0.157151  0.645187  1.14261  0.497424 1788.63 725
56    5653     0.1   0.0796427  0.0796427  0.6069  0.839123  0.190987  0.504438  1.16069  0.656253 1581.07 0
66    6600     0.1   0.0796427  0.0796427  0.6069  0.839123  0.190987  0.504438  1.16069  0.656253 1581.07 812
77    7700     0.2   0.0796427  0.0796427  0.6069  0.839123  0.190987  0.504438  1.16069  0.656253 1581.07 1769
84    8423     0.2   0.0796427  0.0796427  0.6069  0.839123  0.190987  0.504438  1.16069  0.656253 1581.07 2386
84    8423     0.2   0.0840092  0.0840092  0.5502  0.892011  0.236828  0.614083  1.33131  0.717224 1465.45 0
88    8800     0.2   0.0840092  0.0840092  0.5502  0.892011  0.236828  0.614083  1.33131  0.717224 1465.45 320
96    9689     0.2   0.0840092  0.0840092  0.5502  0.892011  0.236828  0.614083  1.33131  0.717224 1465.45 1085
96    9689     0.2   0.0849797  0.0849797  0.6869  0.986682  0.346603  0.400947  1.48398  1.08303 1486.82 0
99    9901     0.2   0.0849797  0.0849797  0.6869  0.986682  0.346603  0.400947  1.48398  1.08303 1486.82 175
99    9948     0.2   0.0849797  0.0849797  0.6869  0.986682  0.346603  0.400947  1.48398  1.08303 1486.82 212
99    9948     0.2   0.0920987  0.0920987  0.7232  1.00135  0.305158  0.617852  1.5977  0.979851 1676.33 0
100   10000     0.2   0.0920987  0.0920987  0.7232  1.00135  0.305158  0.617852  1.5977  0.979851 1676.33 47
EndUpdateLog

Done
