optseq2
$Id: optseq2.c,v 2.14 2008/03/10 13:35:23 nicks Exp $
NoSearch  = 0
nSearch  = 10000
nKeep    = 3
PctUpdate  = 10.000000
nCB1Opt  = 0
seed     = 617544
Ntp  = 50
TR   = 1.8
TPreScan   = 0
PSD Window   = 0 18 1.8
nEvTypes = 4
EvNo    Label Duration nRepsNom
 1     weakGo  1.800   10
 2   strongGo  1.800   10
 3   weakNoGo  1.800   10
 4 strongNoGo  1.800   10
PctVarEvReps = 0
VarEvRepsPerCond = 0
PolyOrder = -1
tNullMax = -1
tNullMin = 0
AR1 = 0
No refractory penalty
Cost = eff
OutStem = no_go_run2
Summary File = no_go_run2.sum

Pct nSrch MinSrch Cost Eff Cb1Err VRFAvg VRFStd VRFMin VRFMax VRFRange nSince

BeginUpdateLog
 0       1     0.0   0.140537  0.140537  0.3750  1.51353  0.371261  0.749538  2.13553  1.38599 1138 0
 0       4     0.0   0.140537  0.140537  0.3750  1.51353  0.371261  0.749538  2.13553  1.38599 1138 0
 0       4     0.0   0.140537  0.140537  0.3750  1.51353  0.371261  0.749538  2.13553  1.38599 1138 0
 0       5     0.0   0.140537  0.140537  0.3750  1.51353  0.371261  0.749538  2.13553  1.38599 1138 0
 0       5     0.0   0.140537  0.140537  0.3750  1.51353  0.371261  0.749538  2.13553  1.38599 1138 0
 0       7     0.0   0.140537  0.140537  0.3750  1.51353  0.371261  0.749538  2.13553  1.38599 1138 0
 0       7     0.0   0.140537  0.140537  0.3750  1.51353  0.371261  0.749538  2.13553  1.38599 1138 0
 0       9     0.0   0.140537  0.140537  0.3750  1.51353  0.371261  0.749538  2.13553  1.38599 1138 1
 0       9     0.0   0.140537  0.140537  0.3750  1.51353  0.371261  0.749538  2.13553  1.38599 1138 0
 0      14     0.0   0.140537  0.140537  0.3750  1.51353  0.371261  0.749538  2.13553  1.38599 1138 3
 0      14     0.0   0.140537  0.140537  0.3750  1.51353  0.371261  0.749538  2.13553  1.38599 1138 0
 0      34     0.0   0.140537  0.140537  0.3750  1.51353  0.371261  0.749538  2.13553  1.38599 1138 14
 0      34     0.0   0.152678  0.152678  0.2750  1.55631  0.23182  1.19707  2.04714  0.850062 1144 0
 0      58     0.0   0.152678  0.152678  0.2750  1.55631  0.23182  1.19707  2.04714  0.850062 1144 15
 0      58     0.0   0.174908  0.174908  0.3500  1.8221  0.337544  1.06417  2.3136  1.24943 1239 0
 0      62     0.0   0.174908  0.174908  0.3500  1.8221  0.337544  1.06417  2.3136  1.24943 1239 3
 0      62     0.0   0.174908  0.174908  0.3500  1.8221  0.337544  1.06417  2.3136  1.24943 1239 0
 0      64     0.0   0.174908  0.174908  0.3500  1.8221  0.337544  1.06417  2.3136  1.24943 1239 1
 0      64     0.0   0.174908  0.174908  0.3500  1.8221  0.337544  1.06417  2.3136  1.24943 1239 0
 1     143     0.0   0.174908  0.174908  0.3500  1.8221  0.337544  1.06417  2.3136  1.24943 1239 61
 1     143     0.0   0.174908  0.174908  0.3500  1.8221  0.337544  1.06417  2.3136  1.24943 1239 0
 2     292     0.0   0.174908  0.174908  0.3500  1.8221  0.337544  1.06417  2.3136  1.24943 1239 127
 2     292     0.0   0.182829  0.182829  0.3000  1.91594  0.415241  1.28737  2.53128  1.2439 1238 0
 3     334     0.0   0.182829  0.182829  0.3000  1.91594  0.415241  1.28737  2.53128  1.2439 1238 33
 3     334     0.0   0.191354  0.191354  0.4000  1.95423  0.273186  1.34165  2.38638  1.04474 1261 0
 3     364     0.0   0.191354  0.191354  0.4000  1.95423  0.273186  1.34165  2.38638  1.04474 1261 27
 3     364     0.0   0.191354  0.191354  0.4000  1.95423  0.273186  1.34165  2.38638  1.04474 1261 0
 5     538     0.0   0.191354  0.191354  0.4000  1.95423  0.273186  1.34165  2.38638  1.04474 1261 149
 5     538     0.0   0.194636  0.194636  0.3250  1.97725  0.271016  1.68767  2.43912  0.751446 1248 0
 8     802     0.0   0.194636  0.194636  0.3250  1.97725  0.271016  1.68767  2.43912  0.751446 1248 222
 8     802     0.0   0.194636  0.194636  0.3250  1.97725  0.271016  1.68767  2.43912  0.751446 1248 0
11    1100     0.0   0.194636  0.194636  0.3250  1.97725  0.271016  1.68767  2.43912  0.751446 1248 244
13    1382     0.0   0.194636  0.194636  0.3250  1.97725  0.271016  1.68767  2.43912  0.751446 1248 491
13    1382     0.0   0.197065  0.197065  0.4000  2.01585  0.314604  1.54885  2.47274  0.923887 1253 0
14    1425     0.0   0.197065  0.197065  0.4000  2.01585  0.314604  1.54885  2.47274  0.923887 1253 36
14    1425     0.0   0.197065  0.197065  0.4000  2.01585  0.314604  1.54885  2.47274  0.923887 1253 0
18    1875     0.0   0.197065  0.197065  0.4000  2.01585  0.314604  1.54885  2.47274  0.923887 1253 373
18    1875     0.0   0.197065  0.197065  0.4000  2.01585  0.314604  1.54885  2.47274  0.923887 1253 0
19    1997     0.0   0.197065  0.197065  0.4000  2.01585  0.314604  1.54885  2.47274  0.923887 1253 100
19    1997     0.0   0.229566  0.229566  0.3500  2.31289  0.217364  2.0323  2.74405  0.711749 1181 0
22    2200     0.0   0.229566  0.229566  0.3500  2.31289  0.217364  2.0323  2.74405  0.711749 1181 177
24    2485     0.0   0.229566  0.229566  0.3500  2.31289  0.217364  2.0323  2.74405  0.711749 1181 417
24    2485     0.0   0.229566  0.229566  0.3500  2.31289  0.217364  2.0323  2.74405  0.711749 1181 0
33    3300     0.1   0.229566  0.229566  0.3500  2.31289  0.217364  2.0323  2.74405  0.711749 1181 705
43    4381     0.1   0.229566  0.229566  0.3500  2.31289  0.217364  2.0323  2.74405  0.711749 1181 1603
43    4381     0.1   0.229566  0.229566  0.3500  2.31289  0.217364  2.0323  2.74405  0.711749 1181 0
44    4400     0.1   0.229566  0.229566  0.3500  2.31289  0.217364  2.0323  2.74405  0.711749 1181 14
55    5500     0.1   0.229566  0.229566  0.3500  2.31289  0.217364  2.0323  2.74405  0.711749 1181 961
57    5742     0.1   0.229566  0.229566  0.3500  2.31289  0.217364  2.0323  2.74405  0.711749 1181 1168
57    5742     0.1   0.229566  0.229566  0.3500  2.31289  0.217364  2.0323  2.74405  0.711749 1181 0
65    6594     0.1   0.229566  0.229566  0.3500  2.31289  0.217364  2.0323  2.74405  0.711749 1181 718
65    6594     0.1   0.229566  0.229566  0.3500  2.31289  0.217364  2.0323  2.74405  0.711749 1181 0
66    6600     0.1   0.229566  0.229566  0.3500  2.31289  0.217364  2.0323  2.74405  0.711749 1181 5
77    7700     0.1   0.229566  0.229566  0.3500  2.31289  0.217364  2.0323  2.74405  0.711749 1181 930
85    8600     0.1   0.229566  0.229566  0.3500  2.31289  0.217364  2.0323  2.74405  0.711749 1181 1705
85    8600     0.1   0.229566  0.229566  0.3500  2.31289  0.217364  2.0323  2.74405  0.711749 1181 0
86    8698     0.1   0.229566  0.229566  0.3500  2.31289  0.217364  2.0323  2.74405  0.711749 1181 88
86    8698     0.1   0.229566  0.229566  0.3500  2.31289  0.217364  2.0323  2.74405  0.711749 1181 0
88    8800     0.1   0.229566  0.229566  0.3500  2.31289  0.217364  2.0323  2.74405  0.711749 1181 83
99    9900     0.1   0.229566  0.229566  0.3500  2.31289  0.217364  2.0323  2.74405  0.711749 1181 1014
100   10000     0.1   0.229566  0.229566  0.3500  2.31289  0.217364  2.0323  2.74405  0.711749 1181 1099
EndUpdateLog

Done
