optseq2
$Id: optseq2.c,v 2.14 2008/03/10 13:35:23 nicks Exp $
NoSearch  = 0
nSearch  = 10000
nKeep    = 3
PctUpdate  = 10.000000
nCB1Opt  = 0
seed     = 368614
Ntp  = 50
TR   = 1.8
TPreScan   = 0
PSD Window   = 0 18 1.8
nEvTypes = 4
EvNo    Label Duration nRepsNom
 1     weakGo  1.800   10
 2   strongGo  1.800   10
 3   weakNoGo  1.800   10
 4 strongNoGo  1.800   10
PctVarEvReps = 0
VarEvRepsPerCond = 0
PolyOrder = -1
tNullMax = -1
tNullMin = 0
AR1 = 0
No refractory penalty
Cost = eff
OutStem = no_go_run1
Summary File = no_go_run1.sum

Pct nSrch MinSrch Cost Eff Cb1Err VRFAvg VRFStd VRFMin VRFMax VRFRange nSince

BeginUpdateLog
 0       1     0.0   0.0741783  0.0741783  0.4250  0.833729  0.277389  0.465249  1.19205  0.726801 1245 0
 0       4     0.0   0.151679  0.151679  0.5250  1.52854  0.142543  1.34986  1.73729  0.387426 1276 0
 0       4     0.0   0.151679  0.151679  0.5250  1.52854  0.142543  1.34986  1.73729  0.387426 1276 0
 0       8     0.0   0.151679  0.151679  0.5250  1.52854  0.142543  1.34986  1.73729  0.387426 1276 1
 0       8     0.0   0.151679  0.151679  0.5250  1.52854  0.142543  1.34986  1.73729  0.387426 1276 0
 0       9     0.0   0.151679  0.151679  0.5250  1.52854  0.142543  1.34986  1.73729  0.387426 1276 0
 0       9     0.0   0.151679  0.151679  0.5250  1.52854  0.142543  1.34986  1.73729  0.387426 1276 0
 0      16     0.0   0.151679  0.151679  0.5250  1.52854  0.142543  1.34986  1.73729  0.387426 1276 5
 0      16     0.0   0.162624  0.162624  0.3250  1.65921  0.248894  1.30586  2.04896  0.743103 1202 0
 0      21     0.0   0.162624  0.162624  0.3250  1.65921  0.248894  1.30586  2.04896  0.743103 1202 4
 0      21     0.0   0.162624  0.162624  0.3250  1.65921  0.248894  1.30586  2.04896  0.743103 1202 0
 0      29     0.0   0.162624  0.162624  0.3250  1.65921  0.248894  1.30586  2.04896  0.743103 1202 6
 0      29     0.0   0.162624  0.162624  0.3250  1.65921  0.248894  1.30586  2.04896  0.743103 1202 0
 0      72     0.0   0.162624  0.162624  0.3250  1.65921  0.248894  1.30586  2.04896  0.743103 1202 33
 0      72     0.0   0.162624  0.162624  0.3250  1.65921  0.248894  1.30586  2.04896  0.743103 1202 0
 0      84     0.0   0.162624  0.162624  0.3250  1.65921  0.248894  1.30586  2.04896  0.743103 1202 6
 0      84     0.0   0.162624  0.162624  0.3250  1.65921  0.248894  1.30586  2.04896  0.743103 1202 0
 1     118     0.0   0.162624  0.162624  0.3250  1.65921  0.248894  1.30586  2.04896  0.743103 1202 31
 1     118     0.0   0.184325  0.184325  0.2250  1.8703  0.250086  1.56783  2.42648  0.858655 1162 0
 1     119     0.0   0.184325  0.184325  0.2250  1.8703  0.250086  1.56783  2.42648  0.858655 1162 0
 1     119     0.0   0.184325  0.184325  0.2250  1.8703  0.250086  1.56783  2.42648  0.858655 1162 0
 1     130     0.0   0.184325  0.184325  0.2250  1.8703  0.250086  1.56783  2.42648  0.858655 1162 10
 1     130     0.0   0.184325  0.184325  0.2250  1.8703  0.250086  1.56783  2.42648  0.858655 1162 0
 1     176     0.0   0.184325  0.184325  0.2250  1.8703  0.250086  1.56783  2.42648  0.858655 1162 41
 1     176     0.0   0.184325  0.184325  0.2250  1.8703  0.250086  1.56783  2.42648  0.858655 1162 0
 1     191     0.0   0.184325  0.184325  0.2250  1.8703  0.250086  1.56783  2.42648  0.858655 1162 11
 1     191     0.0   0.184325  0.184325  0.2250  1.8703  0.250086  1.56783  2.42648  0.858655 1162 0
 4     477     0.0   0.184325  0.184325  0.2250  1.8703  0.250086  1.56783  2.42648  0.858655 1162 240
 4     477     0.0   0.184325  0.184325  0.2250  1.8703  0.250086  1.56783  2.42648  0.858655 1162 0
 5     516     0.0   0.184325  0.184325  0.2250  1.8703  0.250086  1.56783  2.42648  0.858655 1162 31
 5     516     0.0   0.184325  0.184325  0.2250  1.8703  0.250086  1.56783  2.42648  0.858655 1162 0
 8     804     0.0   0.184325  0.184325  0.2250  1.8703  0.250086  1.56783  2.42648  0.858655 1162 236
 8     804     0.0   0.186601  0.186601  0.3000  1.92244  0.335019  1.34363  2.33514  0.991514 1194 0
 8     818     0.0   0.186601  0.186601  0.3000  1.92244  0.335019  1.34363  2.33514  0.991514 1194 12
 8     818     0.0   0.19717  0.19717  0.4000  2.02214  0.340217  1.49245  2.63175  1.13931 1171 0
11    1100     0.0   0.19717  0.19717  0.4000  2.02214  0.340217  1.49245  2.63175  1.13931 1171 245
12    1201     0.0   0.19717  0.19717  0.4000  2.02214  0.340217  1.49245  2.63175  1.13931 1171 336
12    1201     0.0   0.201447  0.201447  0.3750  2.07313  0.359572  1.49961  2.58342  1.08381 1164 0
22    2200     0.0   0.201447  0.201447  0.3750  2.07313  0.359572  1.49961  2.58342  1.08381 1164 837
23    2387     0.0   0.201447  0.201447  0.3750  2.07313  0.359572  1.49961  2.58342  1.08381 1164 985
23    2387     0.0   0.214733  0.214733  0.3750  2.17041  0.235467  1.76391  2.59497  0.831054 1221 0
33    3300     0.0   0.214733  0.214733  0.3750  2.17041  0.235467  1.76391  2.59497  0.831054 1221 774
35    3586     0.1   0.214733  0.214733  0.3750  2.17041  0.235467  1.76391  2.59497  0.831054 1221 1003
35    3586     0.1   0.214733  0.214733  0.3750  2.17041  0.235467  1.76391  2.59497  0.831054 1221 0
43    4339     0.1   0.214733  0.214733  0.3750  2.17041  0.235467  1.76391  2.59497  0.831054 1221 647
43    4339     0.1   0.223724  0.223724  0.3500  2.3058  0.411592  1.77496  2.80735  1.03238 1206 0
44    4400     0.1   0.223724  0.223724  0.3500  2.3058  0.411592  1.77496  2.80735  1.03238 1206 50
48    4812     0.1   0.223724  0.223724  0.3500  2.3058  0.411592  1.77496  2.80735  1.03238 1206 393
48    4812     0.1   0.223724  0.223724  0.3500  2.3058  0.411592  1.77496  2.80735  1.03238 1206 0
52    5295     0.1   0.223724  0.223724  0.3500  2.3058  0.411592  1.77496  2.80735  1.03238 1206 410
52    5295     0.1   0.223724  0.223724  0.3500  2.3058  0.411592  1.77496  2.80735  1.03238 1206 0
55    5500     0.1   0.223724  0.223724  0.3500  2.3058  0.411592  1.77496  2.80735  1.03238 1206 173
66    6600     0.1   0.223724  0.223724  0.3500  2.3058  0.411592  1.77496  2.80735  1.03238 1206 1108
71    7190     0.1   0.223724  0.223724  0.3500  2.3058  0.411592  1.77496  2.80735  1.03238 1206 1611
71    7190     0.1   0.223724  0.223724  0.3500  2.3058  0.411592  1.77496  2.80735  1.03238 1206 0
77    7700     0.1   0.223724  0.223724  0.3500  2.3058  0.411592  1.77496  2.80735  1.03238 1206 427
77    7716     0.1   0.223724  0.223724  0.3500  2.3058  0.411592  1.77496  2.80735  1.03238 1206 440
77    7716     0.1   0.223724  0.223724  0.3500  2.3058  0.411592  1.77496  2.80735  1.03238 1206 0
88    8800     0.1   0.223724  0.223724  0.3500  2.3058  0.411592  1.77496  2.80735  1.03238 1206 920
99    9900     0.1   0.223724  0.223724  0.3500  2.3058  0.411592  1.77496  2.80735  1.03238 1206 1852
99   10000     0.1   0.223724  0.223724  0.3500  2.3058  0.411592  1.77496  2.80735  1.03238 1206 1935
EndUpdateLog

Done
