optseq2
$Id: optseq2.c,v 2.14 2008/03/10 13:35:23 nicks Exp $
NoSearch  = 0
nSearch  = 10000
nKeep    = 3
PctUpdate  = 10.000000
nCB1Opt  = 0
seed     = 244608
Ntp  = 54
TR   = 1.8
TPreScan   = 0
PSD Window   = 0 18 1.8
nEvTypes = 5
EvNo    Label Duration nRepsNom
 1     weakGo  1.800   15
 2   strongGo  1.800   15
 3   weakNoGo  1.800    5
 4 strongNoGo  1.800    5
 5      catch  1.800    4
PctVarEvReps = 0
VarEvRepsPerCond = 0
PolyOrder = -1
tNullMax = -1
tNullMin = 0
AR1 = 0
No refractory penalty
Cost = eff
OutStem = no_go_catch_run3
Summary File = no_go_catch_run3.sum

Pct nSrch MinSrch Cost Eff Cb1Err VRFAvg VRFStd VRFMin VRFMax VRFRange nSince

BeginUpdateLog
 0       1     0.0   0.0173069  0.0173069  0.7454  0.215214  0.105085  0.090851  0.399636  0.308785 1797.53 0
 0       6     0.0   0.0375853  0.0375853  0.5449  0.43304  0.147214  0.171001  0.642339  0.471338 1547 0
 0       6     0.0   0.0375853  0.0375853  0.5449  0.43304  0.147214  0.171001  0.642339  0.471338 1547 0
 0       7     0.0   0.0375853  0.0375853  0.5449  0.43304  0.147214  0.171001  0.642339  0.471338 1547 0
 0       7     0.0   0.0375853  0.0375853  0.5449  0.43304  0.147214  0.171001  0.642339  0.471338 1547 0
 0       8     0.0   0.0375853  0.0375853  0.5449  0.43304  0.147214  0.171001  0.642339  0.471338 1547 0
 0       8     0.0   0.0375853  0.0375853  0.5449  0.43304  0.147214  0.171001  0.642339  0.471338 1547 0
 0       9     0.0   0.0375853  0.0375853  0.5449  0.43304  0.147214  0.171001  0.642339  0.471338 1547 0
 0       9     0.0   0.0419314  0.0419314  0.8048  0.53161  0.250074  0.213469  0.95087  0.737401 1505.59 0
 0      10     0.0   0.0419314  0.0419314  0.8048  0.53161  0.250074  0.213469  0.95087  0.737401 1505.59 0
 0      10     0.0   0.0419314  0.0419314  0.8048  0.53161  0.250074  0.213469  0.95087  0.737401 1505.59 0
 0      16     0.0   0.0419314  0.0419314  0.8048  0.53161  0.250074  0.213469  0.95087  0.737401 1505.59 5
 0      16     0.0   0.0419314  0.0419314  0.8048  0.53161  0.250074  0.213469  0.95087  0.737401 1505.59 0
 0      27     0.0   0.0419314  0.0419314  0.8048  0.53161  0.250074  0.213469  0.95087  0.737401 1505.59 9
 0      27     0.0   0.0503754  0.0503754  0.6871  0.56302  0.19691  0.321742  0.86624  0.544498 1731.26 0
 0      40     0.0   0.0503754  0.0503754  0.6871  0.56302  0.19691  0.321742  0.86624  0.544498 1731.26 11
 0      40     0.0   0.0503754  0.0503754  0.6871  0.56302  0.19691  0.321742  0.86624  0.544498 1731.26 0
 0      59     0.0   0.0503754  0.0503754  0.6871  0.56302  0.19691  0.321742  0.86624  0.544498 1731.26 15
 0      59     0.0   0.0536922  0.0536922  0.7476  0.629986  0.251822  0.3024  1.08899  0.786593 1619.3 0
 0      76     0.0   0.0536922  0.0536922  0.7476  0.629986  0.251822  0.3024  1.08899  0.786593 1619.3 14
 0      76     0.0   0.056213  0.056213  0.6128  0.644145  0.287591  0.366294  1.31109  0.944796 1546.74 0
 1     121     0.0   0.056213  0.056213  0.6128  0.644145  0.287591  0.366294  1.31109  0.944796 1546.74 41
 1     121     0.0   0.056213  0.056213  0.6128  0.644145  0.287591  0.366294  1.31109  0.944796 1546.74 0
 1     136     0.0   0.056213  0.056213  0.6128  0.644145  0.287591  0.366294  1.31109  0.944796 1546.74 12
 1     136     0.0   0.05678  0.05678  0.6754  0.597181  0.146516  0.420257  0.837813  0.417557 1832.48 0
 1     161     0.0   0.05678  0.05678  0.6754  0.597181  0.146516  0.420257  0.837813  0.417557 1832.48 18
 1     161     0.0   0.0665218  0.0665218  0.6684  0.71322  0.206145  0.469922  1.1107  0.640776 1479.22 0
 2     211     0.0   0.0665218  0.0665218  0.6684  0.71322  0.206145  0.469922  1.1107  0.640776 1479.22 41
 2     211     0.0   0.0665218  0.0665218  0.6684  0.71322  0.206145  0.469922  1.1107  0.640776 1479.22 0
 2     227     0.0   0.0665218  0.0665218  0.6684  0.71322  0.206145  0.469922  1.1107  0.640776 1479.22 11
 2     227     0.0   0.0665218  0.0665218  0.6684  0.71322  0.206145  0.469922  1.1107  0.640776 1479.22 0
 3     370     0.0   0.0665218  0.0665218  0.6684  0.71322  0.206145  0.469922  1.1107  0.640776 1479.22 126
 3     370     0.0   0.0665218  0.0665218  0.6684  0.71322  0.206145  0.469922  1.1107  0.640776 1479.22 0
 4     456     0.0   0.0665218  0.0665218  0.6684  0.71322  0.206145  0.469922  1.1107  0.640776 1479.22 76
 4     456     0.0   0.0675758  0.0675758  0.7634  0.756029  0.266028  0.367817  1.31144  0.943626 1654.37 0
 5     506     0.0   0.0675758  0.0675758  0.7634  0.756029  0.266028  0.367817  1.31144  0.943626 1654.37 42
 5     506     0.0   0.0675758  0.0675758  0.7634  0.756029  0.266028  0.367817  1.31144  0.943626 1654.37 0
 6     611     0.0   0.0675758  0.0675758  0.7634  0.756029  0.266028  0.367817  1.31144  0.943626 1654.37 85
 6     611     0.0   0.0709758  0.0709758  0.6322  0.837594  0.308475  0.307848  1.41951  1.11166 1474.7 0
 8     806     0.0   0.0709758  0.0709758  0.6322  0.837594  0.308475  0.307848  1.41951  1.11166 1474.7 158
 8     806     0.0   0.0748034  0.0748034  0.7476  0.821034  0.228853  0.391173  1.15423  0.763058 1655.01 0
11    1101     0.0   0.0748034  0.0748034  0.7476  0.821034  0.228853  0.391173  1.15423  0.763058 1655.01 248
15    1549     0.0   0.0748034  0.0748034  0.7476  0.821034  0.228853  0.391173  1.15423  0.763058 1655.01 625
15    1549     0.0   0.0748034  0.0748034  0.7476  0.821034  0.228853  0.391173  1.15423  0.763058 1655.01 0
16    1617     0.0   0.0748034  0.0748034  0.7476  0.821034  0.228853  0.391173  1.15423  0.763058 1655.01 63
16    1617     0.0   0.0749557  0.0749557  0.6343  0.782015  0.16675  0.522341  1.07765  0.555308 1613.93 0
22    2200     0.0   0.0749557  0.0749557  0.6343  0.782015  0.16675  0.522341  1.07765  0.555308 1613.93 493
33    3300     0.1   0.0749557  0.0749557  0.6343  0.782015  0.16675  0.522341  1.07765  0.555308 1613.93 1434
44    4400     0.1   0.0749557  0.0749557  0.6343  0.782015  0.16675  0.522341  1.07765  0.555308 1613.93 2380
50    5047     0.1   0.0749557  0.0749557  0.6343  0.782015  0.16675  0.522341  1.07765  0.555308 1613.93 2940
50    5047     0.1   0.0749557  0.0749557  0.6343  0.782015  0.16675  0.522341  1.07765  0.555308 1613.93 0
55    5500     0.1   0.0749557  0.0749557  0.6343  0.782015  0.16675  0.522341  1.07765  0.555308 1613.93 391
62    6282     0.1   0.0749557  0.0749557  0.6343  0.782015  0.16675  0.522341  1.07765  0.555308 1613.93 1087
62    6282     0.1   0.0805436  0.0805436  0.7189  0.861312  0.236105  0.582214  1.2923  0.710084 1456.26 0
66    6600     0.1   0.0805436  0.0805436  0.7189  0.861312  0.236105  0.582214  1.2923  0.710084 1456.26 266
67    6796     0.1   0.0805436  0.0805436  0.7189  0.861312  0.236105  0.582214  1.2923  0.710084 1456.26 432
67    6796     0.1   0.0805436  0.0805436  0.7189  0.861312  0.236105  0.582214  1.2923  0.710084 1456.26 0
77    7700     0.1   0.0805436  0.0805436  0.7189  0.861312  0.236105  0.582214  1.2923  0.710084 1456.26 772
79    7948     0.1   0.0805436  0.0805436  0.7189  0.861312  0.236105  0.582214  1.2923  0.710084 1456.26 984
79    7948     0.1   0.0805436  0.0805436  0.7189  0.861312  0.236105  0.582214  1.2923  0.710084 1456.26 0
88    8800     0.2   0.0805436  0.0805436  0.7189  0.861312  0.236105  0.582214  1.2923  0.710084 1456.26 737
95    9581     0.2   0.0805436  0.0805436  0.7189  0.861312  0.236105  0.582214  1.2923  0.710084 1456.26 1393
95    9581     0.2   0.0809177  0.0809177  0.7323  0.856905  0.216373  0.545268  1.2396  0.694334 1696.63 0
99    9900     0.2   0.0809177  0.0809177  0.7323  0.856905  0.216373  0.545268  1.2396  0.694334 1696.63 269
100   10000     0.2   0.0809177  0.0809177  0.7323  0.856905  0.216373  0.545268  1.2396  0.694334 1696.63 351
EndUpdateLog

Done
