optseq2
$Id: optseq2.c,v 2.14 2008/03/10 13:35:23 nicks Exp $
NoSearch  = 0
nSearch  = 10000
nKeep    = 3
PctUpdate  = 10.000000
nCB1Opt  = 0
seed     = 292703
Ntp  = 55
TR   = 1.8
TPreScan   = 0
PSD Window   = 0 18 1.8
nEvTypes = 5
EvNo    Label Duration nRepsNom
 1   strongGo  1.800   10
 2 strongNoGo  1.800   10
 3     weakGo  1.800   10
 4   weakNoGo  1.800   10
 5      catch  1.800    5
PctVarEvReps = 0
VarEvRepsPerCond = 0
PolyOrder = -1
tNullMax = -1
tNullMin = 0
AR1 = 0
No refractory penalty
Cost = eff
OutStem = no_go_catch_run4
Summary File = no_go_catch_run4.sum

Pct nSrch MinSrch Cost Eff Cb1Err VRFAvg VRFStd VRFMin VRFMax VRFRange nSince

BeginUpdateLog
 0       1     0.0   0.0272735  0.0272735  0.3780  0.409227  0.229556  0.103339  0.794839  0.6915 1743.9 0
 0       4     0.0   0.0272735  0.0272735  0.3780  0.409227  0.229556  0.103339  0.794839  0.6915 1743.9 0
 0       4     0.0   0.0397191  0.0397191  0.5960  0.581593  0.300131  0.150559  0.961566  0.811006 2267.18 0
 0       5     0.0   0.0397191  0.0397191  0.5960  0.581593  0.300131  0.150559  0.961566  0.811006 2267.18 0
 0       5     0.0   0.0397191  0.0397191  0.5960  0.581593  0.300131  0.150559  0.961566  0.811006 2267.18 0
 0       6     0.0   0.0397191  0.0397191  0.5960  0.581593  0.300131  0.150559  0.961566  0.811006 2267.18 0
 0       6     0.0   0.0397191  0.0397191  0.5960  0.581593  0.300131  0.150559  0.961566  0.811006 2267.18 0
 0       8     0.0   0.0397191  0.0397191  0.5960  0.581593  0.300131  0.150559  0.961566  0.811006 2267.18 1
 0       8     0.0   0.0543198  0.0543198  0.4520  0.647424  0.367491  0.365684  1.57473  1.20904 1665.73 0
 0      11     0.0   0.0543198  0.0543198  0.4520  0.647424  0.367491  0.365684  1.57473  1.20904 1665.73 0
 0      11     0.0   0.0780688  0.0780688  0.4600  0.817097  0.17785  0.535937  1.07257  0.536628 1882.09 0
 0      17     0.0   0.0780688  0.0780688  0.4600  0.817097  0.17785  0.535937  1.07257  0.536628 1882.09 5
 0      17     0.0   0.0780688  0.0780688  0.4600  0.817097  0.17785  0.535937  1.07257  0.536628 1882.09 0
 0      19     0.0   0.0780688  0.0780688  0.4600  0.817097  0.17785  0.535937  1.07257  0.536628 1882.09 0
 0      19     0.0   0.0780688  0.0780688  0.4600  0.817097  0.17785  0.535937  1.07257  0.536628 1882.09 0
 0      29     0.0   0.0780688  0.0780688  0.4600  0.817097  0.17785  0.535937  1.07257  0.536628 1882.09 8
 0      29     0.0   0.0780688  0.0780688  0.4600  0.817097  0.17785  0.535937  1.07257  0.536628 1882.09 0
 0      31     0.0   0.0780688  0.0780688  0.4600  0.817097  0.17785  0.535937  1.07257  0.536628 1882.09 1
 0      31     0.0   0.0780688  0.0780688  0.4600  0.817097  0.17785  0.535937  1.07257  0.536628 1882.09 0
 0      38     0.0   0.0780688  0.0780688  0.4600  0.817097  0.17785  0.535937  1.07257  0.536628 1882.09 6
 0      38     0.0   0.0796484  0.0796484  0.6560  0.882219  0.297412  0.564398  1.28997  0.725576 1732.46 0
 0      52     0.0   0.0796484  0.0796484  0.6560  0.882219  0.297412  0.564398  1.28997  0.725576 1732.46 13
 0      52     0.0   0.0796484  0.0796484  0.6560  0.882219  0.297412  0.564398  1.28997  0.725576 1732.46 0
 0      55     0.0   0.0796484  0.0796484  0.6560  0.882219  0.297412  0.564398  1.28997  0.725576 1732.46 2
 0      55     0.0   0.0803755  0.0803755  0.5260  0.857134  0.224839  0.527546  1.20545  0.6779 1635.27 0
 1     117     0.0   0.0803755  0.0803755  0.5260  0.857134  0.224839  0.527546  1.20545  0.6779 1635.27 46
 1     117     0.0   0.083434  0.083434  0.6400  0.936612  0.3391  0.538191  1.58322  1.04503 1705.09 0
 1     134     0.0   0.083434  0.083434  0.6400  0.936612  0.3391  0.538191  1.58322  1.04503 1705.09 15
 1     134     0.0   0.0835292  0.0835292  0.5500  0.959269  0.391138  0.562665  1.63787  1.0752 1766.63 0
 1     138     0.0   0.0835292  0.0835292  0.5500  0.959269  0.391138  0.562665  1.63787  1.0752 1766.63 3
 1     138     0.0   0.0852354  0.0852354  0.5420  0.995393  0.382899  0.402286  1.75425  1.35196 1711.81 0
 2     269     0.0   0.0852354  0.0852354  0.5420  0.995393  0.382899  0.402286  1.75425  1.35196 1711.81 110
 2     269     0.0   0.089318  0.089318  0.4400  0.954609  0.232622  0.535218  1.25689  0.721674 1812.36 0
 5     548     0.0   0.089318  0.089318  0.4400  0.954609  0.232622  0.535218  1.25689  0.721674 1812.36 236
 5     548     0.0   0.089318  0.089318  0.4400  0.954609  0.232622  0.535218  1.25689  0.721674 1812.36 0
 7     708     0.0   0.089318  0.089318  0.4400  0.954609  0.232622  0.535218  1.25689  0.721674 1812.36 139
 7     708     0.0   0.089318  0.089318  0.4400  0.954609  0.232622  0.535218  1.25689  0.721674 1812.36 0
 7     712     0.0   0.089318  0.089318  0.4400  0.954609  0.232622  0.535218  1.25689  0.721674 1812.36 3
 7     712     0.0   0.089318  0.089318  0.4400  0.954609  0.232622  0.535218  1.25689  0.721674 1812.36 0
 7     791     0.0   0.089318  0.089318  0.4400  0.954609  0.232622  0.535218  1.25689  0.721674 1812.36 65
 7     791     0.0   0.104073  0.104073  0.4040  1.14865  0.361142  0.656502  1.69649  1.03998 1509.55 0
 8     884     0.0   0.104073  0.104073  0.4040  1.14865  0.361142  0.656502  1.69649  1.03998 1509.55 75
 8     884     0.0   0.112841  0.112841  0.6660  1.15817  0.194582  0.851731  1.49944  0.647709 1644.1 0
 9     983     0.0   0.112841  0.112841  0.6660  1.15817  0.194582  0.851731  1.49944  0.647709 1644.1 88
 9     983     0.0   0.112841  0.112841  0.6660  1.15817  0.194582  0.851731  1.49944  0.647709 1644.1 0
11    1100     0.0   0.112841  0.112841  0.6660  1.15817  0.194582  0.851731  1.49944  0.647709 1644.1 100
11    1116     0.0   0.112841  0.112841  0.6660  1.15817  0.194582  0.851731  1.49944  0.647709 1644.1 114
11    1116     0.0   0.112841  0.112841  0.6660  1.15817  0.194582  0.851731  1.49944  0.647709 1644.1 0
17    1758     0.0   0.112841  0.112841  0.6660  1.15817  0.194582  0.851731  1.49944  0.647709 1644.1 548
17    1758     0.0   0.112841  0.112841  0.6660  1.15817  0.194582  0.851731  1.49944  0.647709 1644.1 0
20    2050     0.0   0.112841  0.112841  0.6660  1.15817  0.194582  0.851731  1.49944  0.647709 1644.1 254
20    2050     0.0   0.112841  0.112841  0.6660  1.15817  0.194582  0.851731  1.49944  0.647709 1644.1 0
22    2204     0.0   0.112841  0.112841  0.6660  1.15817  0.194582  0.851731  1.49944  0.647709 1644.1 125
25    2560     0.0   0.112841  0.112841  0.6660  1.15817  0.194582  0.851731  1.49944  0.647709 1644.1 434
25    2560     0.0   0.112841  0.112841  0.6660  1.15817  0.194582  0.851731  1.49944  0.647709 1644.1 0
28    2819     0.0   0.112841  0.112841  0.6660  1.15817  0.194582  0.851731  1.49944  0.647709 1644.1 220
28    2819     0.0   0.123024  0.123024  0.5040  1.32253  0.316413  0.666594  1.63524  0.968642 1528.55 0
33    3300     0.0   0.123024  0.123024  0.5040  1.32253  0.316413  0.666594  1.63524  0.968642 1528.55 413
44    4400     0.0   0.123024  0.123024  0.5040  1.32253  0.316413  0.666594  1.63524  0.968642 1528.55 1344
55    5501     0.1   0.123024  0.123024  0.5040  1.32253  0.316413  0.666594  1.63524  0.968642 1528.55 2296
66    6600     0.1   0.123024  0.123024  0.5040  1.32253  0.316413  0.666594  1.63524  0.968642 1528.55 3230
68    6806     0.1   0.123024  0.123024  0.5040  1.32253  0.316413  0.666594  1.63524  0.968642 1528.55 3407
68    6806     0.1   0.123024  0.123024  0.5040  1.32253  0.316413  0.666594  1.63524  0.968642 1528.55 0
77    7700     0.1   0.123024  0.123024  0.5040  1.32253  0.316413  0.666594  1.63524  0.968642 1528.55 780
77    7729     0.1   0.123024  0.123024  0.5040  1.32253  0.316413  0.666594  1.63524  0.968642 1528.55 804
77    7729     0.1   0.128757  0.128757  0.4420  1.33756  0.276027  0.974585  1.78862  0.814038 1873.63 0
88    8800     0.1   0.128757  0.128757  0.4420  1.33756  0.276027  0.974585  1.78862  0.814038 1873.63 930
99    9900     0.1   0.128757  0.128757  0.4420  1.33756  0.276027  0.974585  1.78862  0.814038 1873.63 1881
100   10000     0.1   0.128757  0.128757  0.4420  1.33756  0.276027  0.974585  1.78862  0.814038 1873.63 1970
EndUpdateLog

Done
