optseq2
$Id: optseq2.c,v 2.14 2008/03/10 13:35:23 nicks Exp $
NoSearch  = 0
nSearch  = 10000
nKeep    = 3
PctUpdate  = 10.000000
nCB1Opt  = 0
seed     = 596874
Ntp  = 55
TR   = 1.8
TPreScan   = 0
PSD Window   = 0 18 1.8
nEvTypes = 5
EvNo    Label Duration nRepsNom
 1   strongGo  1.800   10
 2 strongNoGo  1.800   10
 3     weakGo  1.800   10
 4   weakNoGo  1.800   10
 5      catch  1.800    5
PctVarEvReps = 0
VarEvRepsPerCond = 0
PolyOrder = -1
tNullMax = -1
tNullMin = 0
AR1 = 0
No refractory penalty
Cost = eff
OutStem = no_go_catch_run2
Summary File = no_go_catch_run2.sum

Pct nSrch MinSrch Cost Eff Cb1Err VRFAvg VRFStd VRFMin VRFMax VRFRange nSince

BeginUpdateLog
 0       1     0.0   0.0339341  0.0339341  0.5700  0.413361  0.181466  0.177483  0.756027  0.578544 1886.1 0
 0       5     0.0   0.0339341  0.0339341  0.5700  0.413361  0.181466  0.177483  0.756027  0.578544 1886.1 1
 0       5     0.0   0.0339341  0.0339341  0.5700  0.413361  0.181466  0.177483  0.756027  0.578544 1886.1 0
 0       7     0.0   0.0339341  0.0339341  0.5700  0.413361  0.181466  0.177483  0.756027  0.578544 1886.1 1
 0       7     0.0   0.0339341  0.0339341  0.5700  0.413361  0.181466  0.177483  0.756027  0.578544 1886.1 0
 0       8     0.0   0.0339341  0.0339341  0.5700  0.413361  0.181466  0.177483  0.756027  0.578544 1886.1 0
 0       8     0.0   0.0339341  0.0339341  0.5700  0.413361  0.181466  0.177483  0.756027  0.578544 1886.1 0
 0      10     0.0   0.0339341  0.0339341  0.5700  0.413361  0.181466  0.177483  0.756027  0.578544 1886.1 1
 0      10     0.0   0.0376117  0.0376117  0.5600  0.605557  0.351038  0.13709  1.21205  1.07496 1750.19 0
 0      11     0.0   0.0376117  0.0376117  0.5600  0.605557  0.351038  0.13709  1.21205  1.07496 1750.19 0
 0      11     0.0   0.0462981  0.0462981  0.4960  0.498327  0.13328  0.258449  0.747879  0.489429 1706.64 0
 0      15     0.0   0.0462981  0.0462981  0.4960  0.498327  0.13328  0.258449  0.747879  0.489429 1706.64 3
 0      15     0.0   0.0462981  0.0462981  0.4960  0.498327  0.13328  0.258449  0.747879  0.489429 1706.64 0
 0      20     0.0   0.0462981  0.0462981  0.4960  0.498327  0.13328  0.258449  0.747879  0.489429 1706.64 4
 0      20     0.0   0.0462981  0.0462981  0.4960  0.498327  0.13328  0.258449  0.747879  0.489429 1706.64 0
 0      24     0.0   0.0462981  0.0462981  0.4960  0.498327  0.13328  0.258449  0.747879  0.489429 1706.64 3
 0      24     0.0   0.0462981  0.0462981  0.4960  0.498327  0.13328  0.258449  0.747879  0.489429 1706.64 0
 0      26     0.0   0.0462981  0.0462981  0.4960  0.498327  0.13328  0.258449  0.747879  0.489429 1706.64 0
 0      26     0.0   0.0462981  0.0462981  0.4960  0.498327  0.13328  0.258449  0.747879  0.489429 1706.64 0
 0      29     0.0   0.0462981  0.0462981  0.4960  0.498327  0.13328  0.258449  0.747879  0.489429 1706.64 0
 0      29     0.0   0.0462981  0.0462981  0.4960  0.498327  0.13328  0.258449  0.747879  0.489429 1706.64 0
 0      38     0.0   0.0462981  0.0462981  0.4960  0.498327  0.13328  0.258449  0.747879  0.489429 1706.64 6
 0      38     0.0   0.0527056  0.0527056  0.5680  0.636005  0.318416  0.326919  1.33143  1.00452 1730.36 0
 0      47     0.0   0.0527056  0.0527056  0.5680  0.636005  0.318416  0.326919  1.33143  1.00452 1730.36 4
 0      47     0.0   0.0729332  0.0729332  0.4140  0.772635  0.182365  0.457827  1.08065  0.622819 1652.37 0
 0      57     0.0   0.0729332  0.0729332  0.4140  0.772635  0.182365  0.457827  1.08065  0.622819 1652.37 6
 0      57     0.0   0.0729332  0.0729332  0.4140  0.772635  0.182365  0.457827  1.08065  0.622819 1652.37 0
 0      77     0.0   0.0729332  0.0729332  0.4140  0.772635  0.182365  0.457827  1.08065  0.622819 1652.37 17
 0      77     0.0   0.0729332  0.0729332  0.4140  0.772635  0.182365  0.457827  1.08065  0.622819 1652.37 0
 0      79     0.0   0.0729332  0.0729332  0.4140  0.772635  0.182365  0.457827  1.08065  0.622819 1652.37 1
 0      79     0.0   0.0838975  0.0838975  0.4860  0.851583  0.112977  0.721971  1.07119  0.349217 1586 0
 1     107     0.0   0.0838975  0.0838975  0.4860  0.851583  0.112977  0.721971  1.07119  0.349217 1586 19
 1     107     0.0   0.0838975  0.0838975  0.4860  0.851583  0.112977  0.721971  1.07119  0.349217 1586 0
 1     133     0.0   0.0838975  0.0838975  0.4860  0.851583  0.112977  0.721971  1.07119  0.349217 1586 23
 1     133     0.0   0.0859427  0.0859427  0.5340  0.900432  0.182643  0.522013  1.12919  0.607174 1809.82 0
 1     137     0.0   0.0859427  0.0859427  0.5340  0.900432  0.182643  0.522013  1.12919  0.607174 1809.82 1
 1     137     0.0   0.0859427  0.0859427  0.5340  0.900432  0.182643  0.522013  1.12919  0.607174 1809.82 0
 1     156     0.0   0.0859427  0.0859427  0.5340  0.900432  0.182643  0.522013  1.12919  0.607174 1809.82 15
 1     156     0.0   0.0911243  0.0911243  0.6040  0.952016  0.199104  0.661064  1.22016  0.559096 1558.73 0
 2     213     0.0   0.0911243  0.0911243  0.6040  0.952016  0.199104  0.661064  1.22016  0.559096 1558.73 50
 2     213     0.0   0.109588  0.109588  0.4760  1.14826  0.260632  0.768097  1.58685  0.818757 1723.46 0
 2     267     0.0   0.109588  0.109588  0.4760  1.14826  0.260632  0.768097  1.58685  0.818757 1723.46 42
 2     267     0.0   0.109588  0.109588  0.4760  1.14826  0.260632  0.768097  1.58685  0.818757 1723.46 0
 3     305     0.0   0.109588  0.109588  0.4760  1.14826  0.260632  0.768097  1.58685  0.818757 1723.46 32
 3     305     0.0   0.109588  0.109588  0.4760  1.14826  0.260632  0.768097  1.58685  0.818757 1723.46 0
 3     362     0.0   0.109588  0.109588  0.4760  1.14826  0.260632  0.768097  1.58685  0.818757 1723.46 48
 3     362     0.0   0.109588  0.109588  0.4760  1.14826  0.260632  0.768097  1.58685  0.818757 1723.46 0
 4     409     0.0   0.109588  0.109588  0.4760  1.14826  0.260632  0.768097  1.58685  0.818757 1723.46 37
 4     409     0.0   0.109588  0.109588  0.4760  1.14826  0.260632  0.768097  1.58685  0.818757 1723.46 0
 5     519     0.0   0.109588  0.109588  0.4760  1.14826  0.260632  0.768097  1.58685  0.818757 1723.46 96
 5     519     0.0   0.109588  0.109588  0.4760  1.14826  0.260632  0.768097  1.58685  0.818757 1723.46 0
11    1100     0.0   0.109588  0.109588  0.4760  1.14826  0.260632  0.768097  1.58685  0.818757 1723.46 484
17    1778     0.0   0.109588  0.109588  0.4760  1.14826  0.260632  0.768097  1.58685  0.818757 1723.46 1061
17    1778     0.0   0.109588  0.109588  0.4760  1.14826  0.260632  0.768097  1.58685  0.818757 1723.46 0
22    2201     0.0   0.109588  0.109588  0.4760  1.14826  0.260632  0.768097  1.58685  0.818757 1723.46 357
29    2949     0.0   0.109588  0.109588  0.4760  1.14826  0.260632  0.768097  1.58685  0.818757 1723.46 997
29    2949     0.0   0.117529  0.117529  0.4500  1.2223  0.267841  0.926784  1.69307  0.766281 1661.54 0
33    3300     0.0   0.117529  0.117529  0.4500  1.2223  0.267841  0.926784  1.69307  0.766281 1661.54 302
44    4400     0.1   0.117529  0.117529  0.4500  1.2223  0.267841  0.926784  1.69307  0.766281 1661.54 1229
55    5501     0.1   0.117529  0.117529  0.4500  1.2223  0.267841  0.926784  1.69307  0.766281 1661.54 2170
66    6601     0.1   0.117529  0.117529  0.4500  1.2223  0.267841  0.926784  1.69307  0.766281 1661.54 3093
66    6659     0.1   0.117529  0.117529  0.4500  1.2223  0.267841  0.926784  1.69307  0.766281 1661.54 3141
66    6659     0.1   0.117529  0.117529  0.4500  1.2223  0.267841  0.926784  1.69307  0.766281 1661.54 0
67    6732     0.1   0.117529  0.117529  0.4500  1.2223  0.267841  0.926784  1.69307  0.766281 1661.54 64
67    6732     0.1   0.117529  0.117529  0.4500  1.2223  0.267841  0.926784  1.69307  0.766281 1661.54 0
75    7501     0.1   0.117529  0.117529  0.4500  1.2223  0.267841  0.926784  1.69307  0.766281 1661.54 659
75    7501     0.1   0.135521  0.135521  0.4680  1.52437  0.489326  0.80334  2.02866  1.22532 1597.55 0
77    7700     0.1   0.135521  0.135521  0.4680  1.52437  0.489326  0.80334  2.02866  1.22532 1597.55 162
88    8800     0.1   0.135521  0.135521  0.4680  1.52437  0.489326  0.80334  2.02866  1.22532 1597.55 1109
99    9901     0.1   0.135521  0.135521  0.4680  1.52437  0.489326  0.80334  2.02866  1.22532 1597.55 2059
100   10000     0.1   0.135521  0.135521  0.4680  1.52437  0.489326  0.80334  2.02866  1.22532 1597.55 2145
EndUpdateLog

Done
